This is pdfTeX, Version 3.14159265-2.6-1.40.21 (TeX Live 2020) (preloaded format=pdflatex 2021.6.19)  25 JUN 2021 01:48
entering extended mode
 restricted \write18 enabled.
 %&-line parsing enabled.
**Ornek_tez_Bahar.tex
(./Ornek_tez_Bahar.tex
LaTeX2e <2020-02-02> patch level 5
L3 programming layer <2020-04-06> (./deutez.cls
Document Class: deutez 2014/06/05 Tez Döküman Sınıfı v1.1
(/usr/share/texlive/texmf-dist/tex/latex/base/report.cls
Document Class: report 2019/12/20 v1.4l Standard LaTeX document class
(/usr/share/texlive/texmf-dist/tex/latex/base/size11.clo
File: size11.clo 2019/12/20 v1.4l Standard LaTeX file (size option)
)
\c@part=\count167
\c@chapter=\count168
\c@section=\count169
\c@subsection=\count170
\c@subsubsection=\count171
\c@paragraph=\count172
\c@subparagraph=\count173
\c@figure=\count174
\c@table=\count175
\abovecaptionskip=\skip47
\belowcaptionskip=\skip48
\bibindent=\dimen134
)
(/usr/share/texlive/texmf-dist/tex/generic/babel/babel.sty
Package: babel 2020/03/22 3.42 The Babel package

(/usr/share/texlive/texmf-dist/tex/generic/babel/switch.def
File: switch.def 2020/03/22 3.42 Babel switching mechanism
)
(/usr/share/texlive/texmf-dist/tex/generic/babel-english/english.ldf
Language: english 2017/06/06 v3.3r English support from the babel system

(/usr/share/texlive/texmf-dist/tex/generic/babel/babel.def
File: babel.def 2020/03/22 3.42 Babel common definitions
\babel@savecnt=\count176
\U@D=\dimen135

(/usr/share/texlive/texmf-dist/tex/generic/babel/txtbabel.def)
\bbl@readstream=\read2
\bbl@dirlevel=\count177
)
Package babel Info: \l@canadian = using hyphenrules for english
(babel)             (\language0) on input line 102.
Package babel Info: \l@australian = using hyphenrules for ukenglish
(babel)             (\language65) on input line 105.
Package babel Info: \l@newzealand = using hyphenrules for ukenglish
(babel)             (\language65) on input line 108.
))
(/usr/share/texlive/texmf-dist/tex/latex/base/inputenc.sty
Package: inputenc 2018/08/11 v1.3c Input encoding file
\inpenc@prehook=\toks15
\inpenc@posthook=\toks16
)
(/usr/share/texlive/texmf-dist/tex/latex/graphics/graphicx.sty
Package: graphicx 2019/11/30 v1.2a Enhanced LaTeX Graphics (DPC,SPQR)

(/usr/share/texlive/texmf-dist/tex/latex/graphics/keyval.sty
Package: keyval 2014/10/28 v1.15 key=value parser (DPC)
\KV@toks@=\toks17
)
(/usr/share/texlive/texmf-dist/tex/latex/graphics/graphics.sty
Package: graphics 2019/11/30 v1.4a Standard LaTeX Graphics (DPC,SPQR)

(/usr/share/texlive/texmf-dist/tex/latex/graphics/trig.sty
Package: trig 2016/01/03 v1.10 sin cos tan (DPC)
)
(/usr/share/texlive/texmf-dist/tex/latex/graphics-cfg/graphics.cfg
File: graphics.cfg 2016/06/04 v1.11 sample graphics configuration
)
Package graphics Info: Driver file: pdftex.def on input line 105.

(/usr/share/texlive/texmf-dist/tex/latex/graphics-def/pdftex.def
File: pdftex.def 2018/01/08 v1.0l Graphics/color driver for pdftex
))
\Gin@req@height=\dimen136
\Gin@req@width=\dimen137
)
(/usr/share/texlive/texmf-dist/tex/latex/geometry/geometry.sty
Package: geometry 2020/01/02 v5.9 Page Geometry

(/usr/share/texlive/texmf-dist/tex/generic/iftex/ifvtex.sty
Package: ifvtex 2019/10/25 v1.7 ifvtex legacy package. Use iftex instead.

(/usr/share/texlive/texmf-dist/tex/generic/iftex/iftex.sty
Package: iftex 2020/03/06 v1.0d TeX engine tests
))
\Gm@cnth=\count178
\Gm@cntv=\count179
\c@Gm@tempcnt=\count180
\Gm@bindingoffset=\dimen138
\Gm@wd@mp=\dimen139
\Gm@odd@mp=\dimen140
\Gm@even@mp=\dimen141
\Gm@layoutwidth=\dimen142
\Gm@layoutheight=\dimen143
\Gm@layouthoffset=\dimen144
\Gm@layoutvoffset=\dimen145
\Gm@dimlist=\toks18
)
(/usr/share/texlive/texmf-dist/tex/latex/everypage/everypage.sty
Package: everypage 2007/06/20 1.1 Hooks to run on every page
)
(/usr/share/texlive/texmf-dist/tex/latex/tools/afterpage.sty
Package: afterpage 2014/10/28 v1.08 After-Page Package (DPC)
\AP@output=\toks19
\AP@partial=\box45
\AP@footins=\box46
)
(/usr/share/texlive/texmf-dist/tex/latex/pgf/frontendlayer/tikz.sty
(/usr/share/texlive/texmf-dist/tex/latex/pgf/basiclayer/pgf.sty
(/usr/share/texlive/texmf-dist/tex/latex/pgf/utilities/pgfrcs.sty
(/usr/share/texlive/texmf-dist/tex/generic/pgf/utilities/pgfutil-common.tex
\pgfutil@everybye=\toks20
\pgfutil@tempdima=\dimen146
\pgfutil@tempdimb=\dimen147

(/usr/share/texlive/texmf-dist/tex/generic/pgf/utilities/pgfutil-common-lists.t
ex)) (/usr/share/texlive/texmf-dist/tex/generic/pgf/utilities/pgfutil-latex.def
\pgfutil@abb=\box47
(/usr/share/texlive/texmf-dist/tex/latex/ms/everyshi.sty
Package: everyshi 2001/05/15 v3.00 EveryShipout Package (MS)
))
(/usr/share/texlive/texmf-dist/tex/generic/pgf/utilities/pgfrcs.code.tex
(/usr/share/texlive/texmf-dist/tex/generic/pgf/pgf.revision.tex)
Package: pgfrcs 2020/01/08 v3.1.5b (3.1.5b)
))
Package: pgf 2020/01/08 v3.1.5b (3.1.5b)

(/usr/share/texlive/texmf-dist/tex/latex/pgf/basiclayer/pgfcore.sty
(/usr/share/texlive/texmf-dist/tex/latex/pgf/systemlayer/pgfsys.sty
(/usr/share/texlive/texmf-dist/tex/generic/pgf/systemlayer/pgfsys.code.tex
Package: pgfsys 2020/01/08 v3.1.5b (3.1.5b)

(/usr/share/texlive/texmf-dist/tex/generic/pgf/utilities/pgfkeys.code.tex
\pgfkeys@pathtoks=\toks21
\pgfkeys@temptoks=\toks22

(/usr/share/texlive/texmf-dist/tex/generic/pgf/utilities/pgfkeysfiltered.code.t
ex
\pgfkeys@tmptoks=\toks23
))
\pgf@x=\dimen148
\pgf@y=\dimen149
\pgf@xa=\dimen150
\pgf@ya=\dimen151
\pgf@xb=\dimen152
\pgf@yb=\dimen153
\pgf@xc=\dimen154
\pgf@yc=\dimen155
\pgf@xd=\dimen156
\pgf@yd=\dimen157
\w@pgf@writea=\write3
\r@pgf@reada=\read3
\c@pgf@counta=\count181
\c@pgf@countb=\count182
\c@pgf@countc=\count183
\c@pgf@countd=\count184
\t@pgf@toka=\toks24
\t@pgf@tokb=\toks25
\t@pgf@tokc=\toks26
\pgf@sys@id@count=\count185
 (/usr/share/texlive/texmf-dist/tex/generic/pgf/systemlayer/pgf.cfg
File: pgf.cfg 2020/01/08 v3.1.5b (3.1.5b)
)
Driver file for pgf: pgfsys-pdftex.def

(/usr/share/texlive/texmf-dist/tex/generic/pgf/systemlayer/pgfsys-pdftex.def
File: pgfsys-pdftex.def 2020/01/08 v3.1.5b (3.1.5b)

(/usr/share/texlive/texmf-dist/tex/generic/pgf/systemlayer/pgfsys-common-pdf.de
f
File: pgfsys-common-pdf.def 2020/01/08 v3.1.5b (3.1.5b)
)))
(/usr/share/texlive/texmf-dist/tex/generic/pgf/systemlayer/pgfsyssoftpath.code.
tex
File: pgfsyssoftpath.code.tex 2020/01/08 v3.1.5b (3.1.5b)
\pgfsyssoftpath@smallbuffer@items=\count186
\pgfsyssoftpath@bigbuffer@items=\count187
)
(/usr/share/texlive/texmf-dist/tex/generic/pgf/systemlayer/pgfsysprotocol.code.
tex
File: pgfsysprotocol.code.tex 2020/01/08 v3.1.5b (3.1.5b)
)) (/usr/share/texlive/texmf-dist/tex/latex/xcolor/xcolor.sty
Package: xcolor 2016/05/11 v2.12 LaTeX color extensions (UK)

(/usr/share/texlive/texmf-dist/tex/latex/graphics-cfg/color.cfg
File: color.cfg 2016/01/02 v1.6 sample color configuration
)
Package xcolor Info: Driver file: pdftex.def on input line 225.
Package xcolor Info: Model `cmy' substituted by `cmy0' on input line 1348.
Package xcolor Info: Model `hsb' substituted by `rgb' on input line 1352.
Package xcolor Info: Model `RGB' extended on input line 1364.
Package xcolor Info: Model `HTML' substituted by `rgb' on input line 1366.
Package xcolor Info: Model `Hsb' substituted by `hsb' on input line 1367.
Package xcolor Info: Model `tHsb' substituted by `hsb' on input line 1368.
Package xcolor Info: Model `HSB' substituted by `hsb' on input line 1369.
Package xcolor Info: Model `Gray' substituted by `gray' on input line 1370.
Package xcolor Info: Model `wave' substituted by `hsb' on input line 1371.
)
(/usr/share/texlive/texmf-dist/tex/generic/pgf/basiclayer/pgfcore.code.tex
Package: pgfcore 2020/01/08 v3.1.5b (3.1.5b)

(/usr/share/texlive/texmf-dist/tex/generic/pgf/math/pgfmath.code.tex
(/usr/share/texlive/texmf-dist/tex/generic/pgf/math/pgfmathcalc.code.tex
(/usr/share/texlive/texmf-dist/tex/generic/pgf/math/pgfmathutil.code.tex)
(/usr/share/texlive/texmf-dist/tex/generic/pgf/math/pgfmathparser.code.tex
\pgfmath@dimen=\dimen158
\pgfmath@count=\count188
\pgfmath@box=\box48
\pgfmath@toks=\toks27
\pgfmath@stack@operand=\toks28
\pgfmath@stack@operation=\toks29
)
(/usr/share/texlive/texmf-dist/tex/generic/pgf/math/pgfmathfunctions.code.tex
(/usr/share/texlive/texmf-dist/tex/generic/pgf/math/pgfmathfunctions.basic.code
.tex)
(/usr/share/texlive/texmf-dist/tex/generic/pgf/math/pgfmathfunctions.trigonomet
ric.code.tex)
(/usr/share/texlive/texmf-dist/tex/generic/pgf/math/pgfmathfunctions.random.cod
e.tex)
(/usr/share/texlive/texmf-dist/tex/generic/pgf/math/pgfmathfunctions.comparison
.code.tex)
(/usr/share/texlive/texmf-dist/tex/generic/pgf/math/pgfmathfunctions.base.code.
tex)
(/usr/share/texlive/texmf-dist/tex/generic/pgf/math/pgfmathfunctions.round.code
.tex)
(/usr/share/texlive/texmf-dist/tex/generic/pgf/math/pgfmathfunctions.misc.code.
tex)
(/usr/share/texlive/texmf-dist/tex/generic/pgf/math/pgfmathfunctions.integerari
thmetics.code.tex)))
(/usr/share/texlive/texmf-dist/tex/generic/pgf/math/pgfmathfloat.code.tex
\c@pgfmathroundto@lastzeros=\count189
))
(/usr/share/texlive/texmf-dist/tex/generic/pgf/math/pgfint.code.tex)
(/usr/share/texlive/texmf-dist/tex/generic/pgf/basiclayer/pgfcorepoints.code.te
x
File: pgfcorepoints.code.tex 2020/01/08 v3.1.5b (3.1.5b)
\pgf@picminx=\dimen159
\pgf@picmaxx=\dimen160
\pgf@picminy=\dimen161
\pgf@picmaxy=\dimen162
\pgf@pathminx=\dimen163
\pgf@pathmaxx=\dimen164
\pgf@pathminy=\dimen165
\pgf@pathmaxy=\dimen166
\pgf@xx=\dimen167
\pgf@xy=\dimen168
\pgf@yx=\dimen169
\pgf@yy=\dimen170
\pgf@zx=\dimen171
\pgf@zy=\dimen172
)
(/usr/share/texlive/texmf-dist/tex/generic/pgf/basiclayer/pgfcorepathconstruct.
code.tex
File: pgfcorepathconstruct.code.tex 2020/01/08 v3.1.5b (3.1.5b)
\pgf@path@lastx=\dimen173
\pgf@path@lasty=\dimen174
)
(/usr/share/texlive/texmf-dist/tex/generic/pgf/basiclayer/pgfcorepathusage.code
.tex
File: pgfcorepathusage.code.tex 2020/01/08 v3.1.5b (3.1.5b)
\pgf@shorten@end@additional=\dimen175
\pgf@shorten@start@additional=\dimen176
)
(/usr/share/texlive/texmf-dist/tex/generic/pgf/basiclayer/pgfcorescopes.code.te
x
File: pgfcorescopes.code.tex 2020/01/08 v3.1.5b (3.1.5b)
\pgfpic=\box49
\pgf@hbox=\box50
\pgf@layerbox@main=\box51
\pgf@picture@serial@count=\count190
)
(/usr/share/texlive/texmf-dist/tex/generic/pgf/basiclayer/pgfcoregraphicstate.c
ode.tex
File: pgfcoregraphicstate.code.tex 2020/01/08 v3.1.5b (3.1.5b)
\pgflinewidth=\dimen177
)
(/usr/share/texlive/texmf-dist/tex/generic/pgf/basiclayer/pgfcoretransformation
s.code.tex
File: pgfcoretransformations.code.tex 2020/01/08 v3.1.5b (3.1.5b)
\pgf@pt@x=\dimen178
\pgf@pt@y=\dimen179
\pgf@pt@temp=\dimen180
)
(/usr/share/texlive/texmf-dist/tex/generic/pgf/basiclayer/pgfcorequick.code.tex
File: pgfcorequick.code.tex 2020/01/08 v3.1.5b (3.1.5b)
)
(/usr/share/texlive/texmf-dist/tex/generic/pgf/basiclayer/pgfcoreobjects.code.t
ex
File: pgfcoreobjects.code.tex 2020/01/08 v3.1.5b (3.1.5b)
)
(/usr/share/texlive/texmf-dist/tex/generic/pgf/basiclayer/pgfcorepathprocessing
.code.tex
File: pgfcorepathprocessing.code.tex 2020/01/08 v3.1.5b (3.1.5b)
)
(/usr/share/texlive/texmf-dist/tex/generic/pgf/basiclayer/pgfcorearrows.code.te
x
File: pgfcorearrows.code.tex 2020/01/08 v3.1.5b (3.1.5b)
\pgfarrowsep=\dimen181
)
(/usr/share/texlive/texmf-dist/tex/generic/pgf/basiclayer/pgfcoreshade.code.tex
File: pgfcoreshade.code.tex 2020/01/08 v3.1.5b (3.1.5b)
\pgf@max=\dimen182
\pgf@sys@shading@range@num=\count191
\pgf@shadingcount=\count192
)
(/usr/share/texlive/texmf-dist/tex/generic/pgf/basiclayer/pgfcoreimage.code.tex
File: pgfcoreimage.code.tex 2020/01/08 v3.1.5b (3.1.5b)

(/usr/share/texlive/texmf-dist/tex/generic/pgf/basiclayer/pgfcoreexternal.code.
tex
File: pgfcoreexternal.code.tex 2020/01/08 v3.1.5b (3.1.5b)
\pgfexternal@startupbox=\box52
))
(/usr/share/texlive/texmf-dist/tex/generic/pgf/basiclayer/pgfcorelayers.code.te
x
File: pgfcorelayers.code.tex 2020/01/08 v3.1.5b (3.1.5b)
)
(/usr/share/texlive/texmf-dist/tex/generic/pgf/basiclayer/pgfcoretransparency.c
ode.tex
File: pgfcoretransparency.code.tex 2020/01/08 v3.1.5b (3.1.5b)
)
(/usr/share/texlive/texmf-dist/tex/generic/pgf/basiclayer/pgfcorepatterns.code.
tex
File: pgfcorepatterns.code.tex 2020/01/08 v3.1.5b (3.1.5b)
)
(/usr/share/texlive/texmf-dist/tex/generic/pgf/basiclayer/pgfcorerdf.code.tex
File: pgfcorerdf.code.tex 2020/01/08 v3.1.5b (3.1.5b)
)))
(/usr/share/texlive/texmf-dist/tex/generic/pgf/modules/pgfmoduleshapes.code.tex
File: pgfmoduleshapes.code.tex 2020/01/08 v3.1.5b (3.1.5b)
\pgfnodeparttextbox=\box53
) (/usr/share/texlive/texmf-dist/tex/generic/pgf/modules/pgfmoduleplot.code.tex
File: pgfmoduleplot.code.tex 2020/01/08 v3.1.5b (3.1.5b)
)
(/usr/share/texlive/texmf-dist/tex/latex/pgf/compatibility/pgfcomp-version-0-65
.sty
Package: pgfcomp-version-0-65 2020/01/08 v3.1.5b (3.1.5b)
\pgf@nodesepstart=\dimen183
\pgf@nodesepend=\dimen184
)
(/usr/share/texlive/texmf-dist/tex/latex/pgf/compatibility/pgfcomp-version-1-18
.sty
Package: pgfcomp-version-1-18 2020/01/08 v3.1.5b (3.1.5b)
)) (/usr/share/texlive/texmf-dist/tex/latex/pgf/utilities/pgffor.sty
(/usr/share/texlive/texmf-dist/tex/latex/pgf/utilities/pgfkeys.sty
(/usr/share/texlive/texmf-dist/tex/generic/pgf/utilities/pgfkeys.code.tex))
(/usr/share/texlive/texmf-dist/tex/latex/pgf/math/pgfmath.sty
(/usr/share/texlive/texmf-dist/tex/generic/pgf/math/pgfmath.code.tex))
(/usr/share/texlive/texmf-dist/tex/generic/pgf/utilities/pgffor.code.tex
Package: pgffor 2020/01/08 v3.1.5b (3.1.5b)

(/usr/share/texlive/texmf-dist/tex/generic/pgf/math/pgfmath.code.tex)
\pgffor@iter=\dimen185
\pgffor@skip=\dimen186
\pgffor@stack=\toks30
\pgffor@toks=\toks31
))
(/usr/share/texlive/texmf-dist/tex/generic/pgf/frontendlayer/tikz/tikz.code.tex
Package: tikz 2020/01/08 v3.1.5b (3.1.5b)

(/usr/share/texlive/texmf-dist/tex/generic/pgf/libraries/pgflibraryplothandlers
.code.tex
File: pgflibraryplothandlers.code.tex 2020/01/08 v3.1.5b (3.1.5b)
\pgf@plot@mark@count=\count193
\pgfplotmarksize=\dimen187
)
\tikz@lastx=\dimen188
\tikz@lasty=\dimen189
\tikz@lastxsaved=\dimen190
\tikz@lastysaved=\dimen191
\tikz@lastmovetox=\dimen192
\tikz@lastmovetoy=\dimen193
\tikzleveldistance=\dimen194
\tikzsiblingdistance=\dimen195
\tikz@figbox=\box54
\tikz@figbox@bg=\box55
\tikz@tempbox=\box56
\tikz@tempbox@bg=\box57
\tikztreelevel=\count194
\tikznumberofchildren=\count195
\tikznumberofcurrentchild=\count196
\tikz@fig@count=\count197

(/usr/share/texlive/texmf-dist/tex/generic/pgf/modules/pgfmodulematrix.code.tex
File: pgfmodulematrix.code.tex 2020/01/08 v3.1.5b (3.1.5b)
\pgfmatrixcurrentrow=\count198
\pgfmatrixcurrentcolumn=\count199
\pgf@matrix@numberofcolumns=\count266
)
\tikz@expandcount=\count267

(/usr/share/texlive/texmf-dist/tex/generic/pgf/frontendlayer/tikz/libraries/tik
zlibrarytopaths.code.tex
File: tikzlibrarytopaths.code.tex 2020/01/08 v3.1.5b (3.1.5b)
)))
(/usr/share/texlive/texmf-dist/tex/latex/ifthenx/ifthenx.sty
Package: ifthenx 2012/04/01 (v0.1a) ifthen package extensions (GJ)

(/usr/share/texlive/texmf-dist/tex/latex/base/ifthen.sty
Package: ifthen 2014/09/29 v1.1c Standard LaTeX ifthen package (DPC)
))
(/usr/share/texlive/texmf-dist/tex/latex/cite/cite.sty
LaTeX Info: Redefining \cite on input line 302.
LaTeX Info: Redefining \nocite on input line 332.
Package: cite 2015/02/27  v 5.5
)
(/usr/share/texlive/texmf-dist/tex/generic/pgf/frontendlayer/tikz/libraries/tik
zlibrarycalc.code.tex
File: tikzlibrarycalc.code.tex 2020/01/08 v3.1.5b (3.1.5b)
)
(/usr/share/texlive/texmf-dist/tex/generic/pgf/frontendlayer/tikz/libraries/tik
zlibraryshapes.multipart.code.tex
File: tikzlibraryshapes.multipart.code.tex 2020/01/08 v3.1.5b (3.1.5b)

(/usr/share/texlive/texmf-dist/tex/generic/pgf/libraries/shapes/pgflibraryshape
s.multipart.code.tex
File: pgflibraryshapes.multipart.code.tex 2020/01/08 v3.1.5b (3.1.5b)
\pgfnodepartlowerbox=\box58
\pgfnodeparttwobox=\box59
\pgfnodepartthreebox=\box60
\pgfnodepartfourbox=\box61
\pgfnodeparttwentybox=\box62
\pgfnodepartnineteenbox=\box63
\pgfnodeparteighteenbox=\box64
\pgfnodepartseventeenbox=\box65
\pgfnodepartsixteenbox=\box66
\pgfnodepartfifteenbox=\box67
\pgfnodepartfourteenbox=\box68
\pgfnodepartthirteenbox=\box69
\pgfnodeparttwelvebox=\box70
\pgfnodepartelevenbox=\box71
\pgfnodeparttenbox=\box72
\pgfnodepartninebox=\box73
\pgfnodeparteightbox=\box74
\pgfnodepartsevenbox=\box75
\pgfnodepartsixbox=\box76
\pgfnodepartfivebox=\box77
))
\picturewidth=\skip49
)
(/usr/share/texlive/texmf-dist/tex/latex/placeins/placeins.sty
Package: placeins 2005/04/18  v 2.2
)
(/usr/share/texlive/texmf-dist/tex/latex/amsmath/amsmath.sty
Package: amsmath 2020/01/20 v2.17e AMS math features
\@mathmargin=\skip50

For additional information on amsmath, use the `?' option.
(/usr/share/texlive/texmf-dist/tex/latex/amsmath/amstext.sty
Package: amstext 2000/06/29 v2.01 AMS text

(/usr/share/texlive/texmf-dist/tex/latex/amsmath/amsgen.sty
File: amsgen.sty 1999/11/30 v2.0 generic functions
\@emptytoks=\toks32
\ex@=\dimen196
))
(/usr/share/texlive/texmf-dist/tex/latex/amsmath/amsbsy.sty
Package: amsbsy 1999/11/29 v1.2d Bold Symbols
\pmbraise@=\dimen197
)
(/usr/share/texlive/texmf-dist/tex/latex/amsmath/amsopn.sty
Package: amsopn 2016/03/08 v2.02 operator names
)
\inf@bad=\count268
LaTeX Info: Redefining \frac on input line 227.
\uproot@=\count269
\leftroot@=\count270
LaTeX Info: Redefining \overline on input line 389.
\classnum@=\count271
\DOTSCASE@=\count272
LaTeX Info: Redefining \ldots on input line 486.
LaTeX Info: Redefining \dots on input line 489.
LaTeX Info: Redefining \cdots on input line 610.
\Mathstrutbox@=\box78
\strutbox@=\box79
\big@size=\dimen198
LaTeX Font Info:    Redeclaring font encoding OML on input line 733.
LaTeX Font Info:    Redeclaring font encoding OMS on input line 734.
\macc@depth=\count273
\c@MaxMatrixCols=\count274
\dotsspace@=\muskip16
\c@parentequation=\count275
\dspbrk@lvl=\count276
\tag@help=\toks33
\row@=\count277
\column@=\count278
\maxfields@=\count279
\andhelp@=\toks34
\eqnshift@=\dimen199
\alignsep@=\dimen256
\tagshift@=\dimen257
\tagwidth@=\dimen258
\totwidth@=\dimen259
\lineht@=\dimen260
\@envbody=\toks35
\multlinegap=\skip51
\multlinetaggap=\skip52
\mathdisplay@stack=\toks36
LaTeX Info: Redefining \[ on input line 2859.
LaTeX Info: Redefining \] on input line 2860.
)
(/usr/share/texlive/texmf-dist/tex/latex/amscls/amsthm.sty
Package: amsthm 2017/10/31 v2.20.4
\thm@style=\toks37
\thm@bodyfont=\toks38
\thm@headfont=\toks39
\thm@notefont=\toks40
\thm@headpunct=\toks41
\thm@preskip=\skip53
\thm@postskip=\skip54
\thm@headsep=\skip55
\dth@everypar=\toks42
)
(/usr/share/texlive/texmf-dist/tex/latex/mathtools/mathtools.sty
Package: mathtools 2020/03/24 v1.24 mathematical typesetting tools

(/usr/share/texlive/texmf-dist/tex/latex/tools/calc.sty
Package: calc 2017/05/25 v4.3 Infix arithmetic (KKT,FJ)
\calc@Acount=\count280
\calc@Bcount=\count281
\calc@Adimen=\dimen261
\calc@Bdimen=\dimen262
\calc@Askip=\skip56
\calc@Bskip=\skip57
LaTeX Info: Redefining \setlength on input line 80.
LaTeX Info: Redefining \addtolength on input line 81.
\calc@Ccount=\count282
\calc@Cskip=\skip58
)
(/usr/share/texlive/texmf-dist/tex/latex/mathtools/mhsetup.sty
Package: mhsetup 2017/03/31 v1.3 programming setup (MH)
)
LaTeX Info: Thecontrolsequence`\('isalreadyrobust on input line 130.
LaTeX Info: Thecontrolsequence`\)'isalreadyrobust on input line 130.
LaTeX Info: Thecontrolsequence`\['isalreadyrobust on input line 130.
LaTeX Info: Thecontrolsequence`\]'isalreadyrobust on input line 130.
\g_MT_multlinerow_int=\count283
\l_MT_multwidth_dim=\dimen263
\origjot=\skip59
\l_MT_shortvdotswithinadjustabove_dim=\dimen264
\l_MT_shortvdotswithinadjustbelow_dim=\dimen265
\l_MT_above_intertext_sep=\dimen266
\l_MT_below_intertext_sep=\dimen267
\l_MT_above_shortintertext_sep=\dimen268
\l_MT_below_shortintertext_sep=\dimen269
\xmathstrut@box=\box80
\xmathstrut@dim=\dimen270
)
(/usr/share/texlive/texmf-dist/tex/latex/tcolorbox/tcolorbox.sty
Package: tcolorbox 2020/04/28 version 4.30 text color boxes

(/usr/share/texlive/texmf-dist/tex/latex/tools/verbatim.sty
Package: verbatim 2019/11/10 v1.5r LaTeX2e package for verbatim enhancements
\every@verbatim=\toks43
\verbatim@line=\toks44
\verbatim@in@stream=\read4
)
(/usr/share/texlive/texmf-dist/tex/latex/environ/environ.sty
Package: environ 2014/05/04 v0.3 A new way to define environments

(/usr/share/texlive/texmf-dist/tex/latex/trimspaces/trimspaces.sty
Package: trimspaces 2009/09/17 v1.1 Trim spaces around a token list
))
(/usr/share/texlive/texmf-dist/tex/latex/etoolbox/etoolbox.sty
Package: etoolbox 2019/09/21 v2.5h e-TeX tools for LaTeX (JAW)
\etb@tempcnta=\count284
)
\tcb@titlebox=\box81
\tcb@upperbox=\box82
\tcb@lowerbox=\box83
\tcb@phantombox=\box84
\c@tcbbreakpart=\count285
\c@tcblayer=\count286
\c@tcolorbox@number=\count287
\tcb@temp=\box85
\tcb@temp=\box86
\tcb@temp=\box87
\tcb@temp=\box88
\tcb@out=\write4
\tcb@record@out=\write5

(/usr/share/texlive/texmf-dist/tex/latex/tcolorbox/tcbbreakable.code.tex
Library (tcolorbox): 'tcbbreakable.code.tex' version '4.30'
\tcb@testbox=\box89
\tcb@totalupperbox=\box90
\tcb@totallowerbox=\box91
)) (/usr/share/texlive/texmf-dist/tex/latex/parskip/parskip.sty
Package: parskip 2020-01-22 v2.0d non-zero parskip adjustments

(/usr/share/texlive/texmf-dist/tex/latex/kvoptions/kvoptions.sty
Package: kvoptions 2019/11/29 v3.13 Key value format for package options (HO)

(/usr/share/texlive/texmf-dist/tex/generic/ltxcmds/ltxcmds.sty
Package: ltxcmds 2019/12/15 v1.24 LaTeX kernel commands for general use (HO)
)
(/usr/share/texlive/texmf-dist/tex/generic/kvsetkeys/kvsetkeys.sty
Package: kvsetkeys 2019/12/15 v1.18 Key value parser (HO)
)))
(/usr/share/texlive/texmf-dist/tex/latex/graphics/rotating.sty
Package: rotating 2016/08/11 v2.16d rotated objects in LaTeX
\c@r@tfl@t=\count288
\rotFPtop=\skip60
\rotFPbot=\skip61
\rot@float@box=\box92
\rot@mess@toks=\toks45
)
(/usr/share/texlive/texmf-dist/tex/latex/adjustbox/adjustbox.sty
Package: adjustbox 2019/01/04 v1.2 Adjusting TeX boxes (trim, clip, ...)

(/usr/share/texlive/texmf-dist/tex/latex/xkeyval/xkeyval.sty
Package: xkeyval 2014/12/03 v2.7a package option processing (HA)

(/usr/share/texlive/texmf-dist/tex/generic/xkeyval/xkeyval.tex
(/usr/share/texlive/texmf-dist/tex/generic/xkeyval/xkvutils.tex
\XKV@toks=\toks46
\XKV@tempa@toks=\toks47
)
\XKV@depth=\count289
File: xkeyval.tex 2014/12/03 v2.7a key=value parser (HA)
))
(/usr/share/texlive/texmf-dist/tex/latex/adjustbox/adjcalc.sty
Package: adjcalc 2012/05/16 v1.1 Provides advanced setlength with multiple back
-ends (calc, etex, pgfmath)
)
(/usr/share/texlive/texmf-dist/tex/latex/adjustbox/trimclip.sty
Package: trimclip 2018/04/08 v1.1 Trim and clip general TeX material

(/usr/share/texlive/texmf-dist/tex/latex/collectbox/collectbox.sty
Package: collectbox 2012/05/17 v0.4b Collect macro arguments as boxes
\collectedbox=\box93
)
\tc@llx=\dimen271
\tc@lly=\dimen272
\tc@urx=\dimen273
\tc@ury=\dimen274
Package trimclip Info: Using driver 'tc-pdftex.def'.

(/usr/share/texlive/texmf-dist/tex/latex/adjustbox/tc-pdftex.def
File: tc-pdftex.def 2019/01/04 v2.2 Clipping driver for pdftex
))
\adjbox@Width=\dimen275
\adjbox@Height=\dimen276
\adjbox@Depth=\dimen277
\adjbox@Totalheight=\dimen278
\adjbox@pwidth=\dimen279
\adjbox@pheight=\dimen280
\adjbox@pdepth=\dimen281
\adjbox@ptotalheight=\dimen282

(/usr/share/texlive/texmf-dist/tex/latex/ifoddpage/ifoddpage.sty
Package: ifoddpage 2016/04/23 v1.1 Conditionals for odd/even page detection
\c@checkoddpage=\count290
)
(/usr/share/texlive/texmf-dist/tex/latex/varwidth/varwidth.sty
Package: varwidth 2009/03/30 ver 0.92;  Variable-width minipages
\@vwid@box=\box94
\sift@deathcycles=\count291
\@vwid@loff=\dimen283
\@vwid@roff=\dimen284
))
(/usr/share/texlive/texmf-dist/tex/latex/pgfgantt/pgfgantt.sty
Package: pgfgantt 2018/01/10 v5.0 Draw Gantt diagrams with TikZ

(/usr/share/texlive/texmf-dist/tex/generic/pgf/frontendlayer/tikz/libraries/tik
zlibraryarrows.code.tex
File: tikzlibraryarrows.code.tex 2020/01/08 v3.1.5b (3.1.5b)

(/usr/share/texlive/texmf-dist/tex/generic/pgf/libraries/pgflibraryarrows.code.
tex
File: pgflibraryarrows.code.tex 2020/01/08 v3.1.5b (3.1.5b)
\arrowsize=\dimen285
))
(/usr/share/texlive/texmf-dist/tex/generic/pgf/frontendlayer/tikz/libraries/tik
zlibrarybackgrounds.code.tex
File: tikzlibrarybackgrounds.code.tex 2020/01/08 v3.1.5b (3.1.5b)
\pgf@layerbox@background=\box95
\pgf@layerboxsaved@background=\box96
)
(/usr/share/texlive/texmf-dist/tex/generic/pgf/frontendlayer/tikz/libraries/tik
zlibrarypatterns.code.tex
File: tikzlibrarypatterns.code.tex 2020/01/08 v3.1.5b (3.1.5b)

(/usr/share/texlive/texmf-dist/tex/generic/pgf/libraries/pgflibrarypatterns.cod
e.tex
File: pgflibrarypatterns.code.tex 2020/01/08 v3.1.5b (3.1.5b)
))
(/usr/share/texlive/texmf-dist/tex/generic/pgf/frontendlayer/tikz/libraries/tik
zlibrarypositioning.code.tex
File: tikzlibrarypositioning.code.tex 2020/01/08 v3.1.5b (3.1.5b)
)
(/usr/share/texlive/texmf-dist/tex/generic/pgf/frontendlayer/tikz/libraries/tik
zlibraryshapes.geometric.code.tex
File: tikzlibraryshapes.geometric.code.tex 2020/01/08 v3.1.5b (3.1.5b)

(/usr/share/texlive/texmf-dist/tex/generic/pgf/libraries/shapes/pgflibraryshape
s.geometric.code.tex
File: pgflibraryshapes.geometric.code.tex 2020/01/08 v3.1.5b (3.1.5b)
))
(/usr/share/texlive/texmf-dist/tex/latex/pgf/utilities/pgfcalendar.sty
(/usr/share/texlive/texmf-dist/tex/generic/pgf/utilities/pgfcalendar.code.tex
File: pgfcalendar.code.tex 2020/01/08 v3.1.5b (3.1.5b)

(/usr/share/texlive/texmf-dist/tex/generic/pgf/math/pgfint.code.tex)
\pgfcalendarcurrentjulian=\count292
\pgf@cal@easter@Y=\count293
\pgf@cal@easter@G=\count294
\pgf@cal@easter@C=\count295
\pgf@cal@easter@X=\count296
\pgf@cal@easter@Z=\count297
\pgf@cal@easter@D=\count298
\pgf@cal@easter@E=\count299
\pgf@cal@easter@N=\count300
\pgf@cal@easter@M=\count301
\pgf@cal@easter@julianday=\count302
))
\gtt@currentline=\count303
\gtt@lasttitleline=\count304
\gtt@currgrid=\count305
\gtt@chartwidth=\count306
\gtt@lasttitleslot=\count307
\gtt@elementid=\count308
\gtt@today@slot=\count309
\gtt@startjulian=\count310
\gtt@endjulian=\count311
\gtt@chartid=\count312
\gtt@vrule@slot=\count313
\gtt@calendar@slots=\count314
\gtt@calendar@weeknumber=\count315
\gtt@calendar@startofweek=\count316
\gtt@left@slot=\count317
\gtt@right@slot=\count318
)
(/usr/share/texlive/texmf-dist/tex/latex/pdflscape/pdflscape.sty
Package: pdflscape 2019/12/05 v0.12 Display of landscape pages in PDF (HO)

(/usr/share/texlive/texmf-dist/tex/latex/graphics/lscape.sty
Package: lscape 2000/10/22 v3.01 Landscape Pages (DPC)
)
Package pdflscape Info: Auto-detected driver: pdftex on input line 81.
)
(/usr/share/texlive/texmf-dist/tex/latex/l3backend/l3backend-pdfmode.def
File: l3backend-pdfmode.def 2020-03-12 L3 backend support: PDF mode
\l__kernel_color_stack_int=\count319
\l__pdf_internal_box=\box97
)
(./Ornek_tez_Bahar.aux)
\openout1 = `Ornek_tez_Bahar.aux'.

LaTeX Font Info:    Checking defaults for OML/cmm/m/it on input line 98.
LaTeX Font Info:    ... okay on input line 98.
LaTeX Font Info:    Checking defaults for OMS/cmsy/m/n on input line 98.
LaTeX Font Info:    ... okay on input line 98.
LaTeX Font Info:    Checking defaults for OT1/cmr/m/n on input line 98.
LaTeX Font Info:    ... okay on input line 98.
LaTeX Font Info:    Checking defaults for T1/cmr/m/n on input line 98.
LaTeX Font Info:    ... okay on input line 98.
LaTeX Font Info:    Checking defaults for TS1/cmr/m/n on input line 98.
LaTeX Font Info:    ... okay on input line 98.
LaTeX Font Info:    Checking defaults for OMX/cmex/m/n on input line 98.
LaTeX Font Info:    ... okay on input line 98.
LaTeX Font Info:    Checking defaults for U/cmr/m/n on input line 98.
LaTeX Font Info:    ... okay on input line 98.

(/usr/share/texlive/texmf-dist/tex/context/base/mkii/supp-pdf.mkii
[Loading MPS to PDF converter (version 2006.09.02).]
\scratchcounter=\count320
\scratchdimen=\dimen286
\scratchbox=\box98
\nofMPsegments=\count321
\nofMParguments=\count322
\everyMPshowfont=\toks48
\MPscratchCnt=\count323
\MPscratchDim=\dimen287
\MPnumerator=\count324
\makeMPintoPDFobject=\count325
\everyMPtoPDFconversion=\toks49
) (/usr/share/texlive/texmf-dist/tex/latex/epstopdf-pkg/epstopdf-base.sty
Package: epstopdf-base 2020-01-24 v2.11 Base part for package epstopdf
Package epstopdf-base Info: Redefining graphics rule for `.eps' on input line 4
85.

(/usr/share/texlive/texmf-dist/tex/latex/latexconfig/epstopdf-sys.cfg
File: epstopdf-sys.cfg 2010/07/13 v1.3 Configuration of (r)epstopdf for TeX Liv
e
))
*geometry* driver: auto-detecting
*geometry* detected driver: pdftex
*geometry* verbose mode - [ preamble ] result:
* driver: pdftex
* paper: <default>
* layout: <same size as paper>
* layoutoffset:(h,v)=(0.0pt,0.0pt)
* modes: 
* h-part:(L,W,R)=(72.26999pt, 452.9679pt, 72.26999pt)
* v-part:(T,H,B)=(72.26999pt, 700.50687pt, 72.26999pt)
* \paperwidth=597.50787pt
* \paperheight=845.04684pt
* \textwidth=452.9679pt
* \textheight=700.50687pt
* \oddsidemargin=0.0pt
* \evensidemargin=0.0pt
* \topmargin=-37.0pt
* \headheight=12.0pt
* \headsep=25.0pt
* \topskip=11.0pt
* \footskip=30.0pt
* \marginparwidth=50.0pt
* \marginparsep=10.0pt
* \columnsep=10.0pt
* \skip\footins=10.0pt plus 4.0pt minus 2.0pt
* \hoffset=0.0pt
* \voffset=0.0pt
* \mag=1000
* \@twocolumnfalse
* \@twosidefalse
* \@mparswitchfalse
* \@reversemarginfalse
* (1in=72.27pt=25.4mm, 1cm=28.453pt)

ABD: EveryShipout initializing macros
<Deu.jpg, id=4, 292.4526pt x 269.5671pt>
File: Deu.jpg Graphic file (type jpg)
<use Deu.jpg>
Package pdftex.def Info: Deu.jpg  used on input line 98.
(pdftex.def)             Requested size: 82.1252pt x 75.69627pt.
<Muh.jpg, id=5, 154.176pt x 144.54pt>
File: Muh.jpg Graphic file (type jpg)
<use Muh.jpg>
Package pdftex.def Info: Muh.jpg  used on input line 98.
(pdftex.def)             Requested size: 82.1252pt x 76.99399pt.

Overfull \hbox (24.38257pt too wide) in paragraph at lines 98--98
[] [][][] 
 []

[0

{/usr/share/texlive/texmf-dist/fonts/map/pdftex/updmap/pdftex.map} <./Deu.jpg> 
<./Muh.jpg>]
Underfull \hbox (badness 10000) in paragraph at lines 98--98

 []

File: Deu.jpg Graphic file (type jpg)
<use Deu.jpg>
Package pdftex.def Info: Deu.jpg  used on input line 98.
(pdftex.def)             Requested size: 284.52756pt x 262.27362pt.
[0]
File: Deu.jpg Graphic file (type jpg)
<use Deu.jpg>
Package pdftex.def Info: Deu.jpg  used on input line 117.
(pdftex.def)             Requested size: 284.52756pt x 262.27362pt.
 [1]
Overfull \hbox (2.88734pt too wide) in paragraph at lines 119--120
\OT1/cmr/m/n/10.95 temel hedef kul-lan^^Pc^^Plar^^Pn ak^^Pll^^P ayna uygu-la-ma
lar^^Pn^^Pn bir^^Xco^^Ugunu el hareket-leri ile kul-lan-abilmesini
 []


Overfull \hbox (23.50986pt too wide) in paragraph at lines 119--120
\OT1/cmr/m/n/10.95 sa^^Uglayarak, ay-naya dokunma ihtiyac^^Pn^^P or-tadan kald^
^Prmak b^^?oylece ay-nalar^^Pn dokunulan b^^?olgelerindeki
 []

File: Deu.jpg Graphic file (type jpg)
<use Deu.jpg>
Package pdftex.def Info: Deu.jpg  used on input line 122.
(pdftex.def)             Requested size: 284.52756pt x 262.27362pt.
[2] (./Ornek_tez_Bahar.toc
File: Deu.jpg Graphic file (type jpg)
<use Deu.jpg>
Package pdftex.def Info: Deu.jpg  used on input line 82.
(pdftex.def)             Requested size: 284.52756pt x 262.27362pt.
 [3])
\tf@toc=\write6
\openout6 = `Ornek_tez_Bahar.toc'.

File: Deu.jpg Graphic file (type jpg)
<use Deu.jpg>
Package pdftex.def Info: Deu.jpg  used on input line 124.
(pdftex.def)             Requested size: 284.52756pt x 262.27362pt.
 [4] (./Ornek_tez_Bahar.lot

LaTeX Warning: Citation `datasheet' on page V undefined on input line 10.


LaTeX Warning: Citation `datasheet' on page V undefined on input line 11.


LaTeX Warning: Citation `datasheet' on page V undefined on input line 12.


LaTeX Warning: Citation `datasheet' on page V undefined on input line 13.

)
\tf@lot=\write7
\openout7 = `Ornek_tez_Bahar.lot'.

File: Deu.jpg Graphic file (type jpg)
<use Deu.jpg>
Package pdftex.def Info: Deu.jpg  used on input line 126.
(pdftex.def)             Requested size: 284.52756pt x 262.27362pt.
 [5] (./Ornek_tez_Bahar.lof

LaTeX Warning: Citation `phung' on page VI undefined on input line 4.


LaTeX Warning: Citation `lenet' on page VI undefined on input line 5.


LaTeX Warning: Citation `datasheet' on page VI undefined on input line 17.

)
\tf@lof=\write8
\openout8 = `Ornek_tez_Bahar.lof'.

File: Deu.jpg Graphic file (type jpg)
<use Deu.jpg>
Package pdftex.def Info: Deu.jpg  used on input line 128.
(pdftex.def)             Requested size: 284.52756pt x 262.27362pt.
 [6]
Chapter 1.

LaTeX Warning: Citation `htpa' on page 1 undefined on input line 133.


LaTeX Warning: Citation `opencv' on page 1 undefined on input line 136.


LaTeX Warning: Citation `opencv' on page 1 undefined on input line 136.


LaTeX Warning: Citation `image' on page 1 undefined on input line 136.

File: Deu.jpg Graphic file (type jpg)
<use Deu.jpg>
Package pdftex.def Info: Deu.jpg  used on input line 137.
(pdftex.def)             Requested size: 284.52756pt x 262.27362pt.
[1]

LaTeX Warning: Citation `car' on page 2 undefined on input line 138.


LaTeX Warning: Citation `mhi' on page 2 undefined on input line 138.


LaTeX Warning: Citation `hybrid' on page 2 undefined on input line 142.


LaTeX Warning: Citation `HOG' on page 2 undefined on input line 142.


LaTeX Warning: Citation `KNN' on page 2 undefined on input line 142.


LaTeX Warning: Citation `CNN1' on page 2 undefined on input line 142.


LaTeX Warning: Citation `CNN2' on page 2 undefined on input line 142.


LaTeX Warning: Citation `car' on page 2 undefined on input line 142.

File: Deu.jpg Graphic file (type jpg)
<use Deu.jpg>
Package pdftex.def Info: Deu.jpg  used on input line 143.
(pdftex.def)             Requested size: 284.52756pt x 262.27362pt.
[2]
Chapter 2.

LaTeX Warning: Citation `neoc' on page 3 undefined on input line 148.


LaTeX Warning: Citation `lenet' on page 3 undefined on input line 148.


LaTeX Warning: Citation `kriz' on page 3 undefined on input line 148.


LaTeX Warning: Citation `lenet' on page 3 undefined on input line 148.

</home/rabikkk/Pictures/images/cnn_model.jpg, id=45, 432.04892pt x 214.45337pt>

File: /home/rabikkk/Pictures/images/cnn_model.jpg Graphic file (type jpg)
<use /home/rabikkk/Pictures/images/cnn_model.jpg>
Package pdftex.def Info: /home/rabikkk/Pictures/images/cnn_model.jpg  used on i
nput line 151.
(pdftex.def)             Requested size: 226.48395pt x 112.41626pt.

LaTeX Warning: Citation `phung' on page 3 undefined on input line 152.


LaTeX Warning: `!h' float specifier changed to `!ht'.

File: Deu.jpg Graphic file (type jpg)
<use Deu.jpg>
Package pdftex.def Info: Deu.jpg  used on input line 154.
(pdftex.def)             Requested size: 284.52756pt x 262.27362pt.
[3]

LaTeX Warning: Citation `gesturecnn' on page 4 undefined on input line 155.


LaTeX Warning: Citation `static' on page 4 undefined on input line 155.

</home/rabikkk/Pictures/images/lenet.png, id=49, 1410.26875pt x 387.4475pt>
File: /home/rabikkk/Pictures/images/lenet.png Graphic file (type png)
<use /home/rabikkk/Pictures/images/lenet.png>
Package pdftex.def Info: /home/rabikkk/Pictures/images/lenet.png  used on input
 line 162.
(pdftex.def)             Requested size: 452.9679pt x 124.44095pt.

LaTeX Warning: Citation `lenet' on page 4 undefined on input line 164.


LaTeX Warning: Citation `lenet' on page 4 undefined on input line 164.


Underfull \hbox (badness 10000) in paragraph at lines 168--169

 []


Underfull \hbox (badness 10000) in paragraph at lines 170--171

 []

File: Deu.jpg Graphic file (type jpg)
<use Deu.jpg>
Package pdftex.def Info: Deu.jpg  used on input line 171.
(pdftex.def)             Requested size: 284.52756pt x 262.27362pt.
[4 </home/rabikkk/Pictures/images/cnn_model.jpg> </home/rabikkk/Pictures/images
/lenet.png>]

LaTeX Warning: Citation `lenet' on page 5 undefined on input line 171.


Underfull \hbox (badness 10000) in paragraph at lines 171--172

 []


Underfull \hbox (badness 10000) in paragraph at lines 173--174

 []


LaTeX Warning: Citation `lenet' on page 5 undefined on input line 174.


Underfull \hbox (badness 10000) in paragraph at lines 174--175

 []


Underfull \hbox (badness 10000) in paragraph at lines 176--177

 []


LaTeX Warning: Citation `lenet' on page 5 undefined on input line 177.


Underfull \hbox (badness 10000) in paragraph at lines 177--178

 []


Underfull \hbox (badness 10000) in paragraph at lines 179--180

 []


LaTeX Warning: Citation `lenet' on page 5 undefined on input line 180.


Underfull \hbox (badness 10000) in paragraph at lines 180--181

 []

File: Deu.jpg Graphic file (type jpg)
<use Deu.jpg>
Package pdftex.def Info: Deu.jpg  used on input line 181.
(pdftex.def)             Requested size: 284.52756pt x 262.27362pt.
[5]
Underfull \hbox (badness 10000) in paragraph at lines 182--183

 []


LaTeX Warning: Citation `lenet' on page 6 undefined on input line 183.


Underfull \hbox (badness 10000) in paragraph at lines 183--184

 []


Underfull \hbox (badness 10000) in paragraph at lines 185--186

 []


LaTeX Warning: Citation `lenet' on page 6 undefined on input line 186.


Underfull \hbox (badness 10000) in paragraph at lines 186--187

 []


LaTeX Warning: Citation `perip' on page 6 undefined on input line 190.


LaTeX Warning: Citation `tensorflow' on page 6 undefined on input line 192.


LaTeX Warning: Citation `tensorflow' on page 6 undefined on input line 192.


LaTeX Warning: Citation `tensorflow' on page 6 undefined on input line 192.


LaTeX Warning: Citation `tensorflow' on page 6 undefined on input line 192.


LaTeX Warning: Citation `keras' on page 6 undefined on input line 192.

Chapter 3.

Underfull \hbox (badness 10000) in paragraph at lines 195--199

 []

File: Deu.jpg Graphic file (type jpg)
<use Deu.jpg>
Package pdftex.def Info: Deu.jpg  used on input line 199.
(pdftex.def)             Requested size: 284.52756pt x 262.27362pt.
[6]
</home/rabikkk/Pictures/images/htpa.jpg, id=62, 602.25pt x 602.25pt>
File: /home/rabikkk/Pictures/images/htpa.jpg Graphic file (type jpg)
<use /home/rabikkk/Pictures/images/htpa.jpg>
Package pdftex.def Info: /home/rabikkk/Pictures/images/htpa.jpg  used on input 
line 202.
(pdftex.def)             Requested size: 158.54152pt x 158.53868pt.
</home/rabikkk/Pictures/images/htpasema.png, id=63, 744.7825pt x 435.6275pt>
File: /home/rabikkk/Pictures/images/htpasema.png Graphic file (type png)
<use /home/rabikkk/Pictures/images/htpasema.png>
Package pdftex.def Info: /home/rabikkk/Pictures/images/htpasema.png  used on in
put line 203.
(pdftex.def)             Requested size: 226.48395pt x 132.47069pt.
LaTeX Font Info:    Trying to load font information for OMS+cmr on input line 2
15.
 (/usr/share/texlive/texmf-dist/tex/latex/base/omscmr.fd
File: omscmr.fd 2019/12/16 v2.5j Standard LaTeX font definitions
)
LaTeX Font Info:    Font shape `OMS/cmr/m/n' in size <10.95> not available
(Font)              Font shape `OMS/cmsy/m/n' tried instead on input line 215.

Overfull \hbox (22.06804pt too wide) in paragraph at lines 213--220
[][] 
 []

</home/rabikkk/Pictures/images/schematic.png, id=64, 660.4675pt x 293.095pt>
File: /home/rabikkk/Pictures/images/schematic.png Graphic file (type png)
<use /home/rabikkk/Pictures/images/schematic.png>
Package pdftex.def Info: /home/rabikkk/Pictures/images/schematic.png  used on i
nput line 227.
(pdftex.def)             Requested size: 271.7835pt x 120.61247pt.
</home/rabikkk/Pictures/images/pcb.png, id=65, 276.03125pt x 217.81375pt>
File: /home/rabikkk/Pictures/images/pcb.png Graphic file (type png)
<use /home/rabikkk/Pictures/images/pcb.png>
Package pdftex.def Info: /home/rabikkk/Pictures/images/pcb.png  used on input l
ine 229.
(pdftex.def)             Requested size: 181.18439pt x 142.97647pt.

LaTeX Warning: `!h' float specifier changed to `!ht'.

File: Deu.jpg Graphic file (type jpg)
<use Deu.jpg>
Package pdftex.def Info: Deu.jpg  used on input line 232.
(pdftex.def)             Requested size: 284.52756pt x 262.27362pt.
[7 </home/rabikkk/Pictures/images/htpa.jpg> </home/rabikkk/Pictures/images/htpa
sema.png>]
</home/rabikkk/Pictures/images/mb.png, id=72, 940.51375pt x 264.99pt>
File: /home/rabikkk/Pictures/images/mb.png Graphic file (type png)
<use /home/rabikkk/Pictures/images/mb.png>
Package pdftex.def Info: /home/rabikkk/Pictures/images/mb.png  used on input li
ne 236.
(pdftex.def)             Requested size: 452.9679pt x 127.62234pt.


LaTeX Warning: Citation `dataset' on page 8 undefined on input line 242.

</home/rabikkk/Pictures/images/data1.png, id=73, 715.67375pt x 209.78375pt>
File: /home/rabikkk/Pictures/images/data1.png Graphic file (type png)
<use /home/rabikkk/Pictures/images/data1.png>
Package pdftex.def Info: /home/rabikkk/Pictures/images/data1.png  used on input
 line 263.
(pdftex.def)             Requested size: 362.37569pt x 106.22324pt.
File: Deu.jpg Graphic file (type jpg)
<use Deu.jpg>
Package pdftex.def Info: Deu.jpg  used on input line 266.
(pdftex.def)             Requested size: 284.52756pt x 262.27362pt.
[8 </home/rabikkk/Pictures/images/schematic.png> </home/rabikkk/Pictures/images
/pcb.png> </home/rabikkk/Pictures/images/mb.png>]

LaTeX Warning: Citation `aug' on page 9 undefined on input line 268.

</home/rabikkk/Pictures/images/close_test289.jpg, id=80, 32.12pt x 32.12pt>
File: /home/rabikkk/Pictures/images/close_test289.jpg Graphic file (type jpg)
<use /home/rabikkk/Pictures/images/close_test289.jpg>
Package pdftex.def Info: /home/rabikkk/Pictures/images/close_test289.jpg  used 
on input line 272.
(pdftex.def)             Requested size: 90.5922pt x 90.59943pt.
</home/rabikkk/Pictures/images/index_test179.jpg, id=81, 32.12pt x 32.12pt>
File: /home/rabikkk/Pictures/images/index_test179.jpg Graphic file (type jpg)
<use /home/rabikkk/Pictures/images/index_test179.jpg>
Package pdftex.def Info: /home/rabikkk/Pictures/images/index_test179.jpg  used 
on input line 273.
(pdftex.def)             Requested size: 90.5922pt x 90.59943pt.
</home/rabikkk/Pictures/images/last_test71.jpg, id=82, 32.12pt x 32.12pt>
File: /home/rabikkk/Pictures/images/last_test71.jpg Graphic file (type jpg)
<use /home/rabikkk/Pictures/images/last_test71.jpg>
Package pdftex.def Info: /home/rabikkk/Pictures/images/last_test71.jpg  used on
 input line 274.
(pdftex.def)             Requested size: 90.5922pt x 90.59943pt.
</home/rabikkk/Pictures/images/open_test_0_9826.png, id=83, 32.12pt x 32.12pt>
File: /home/rabikkk/Pictures/images/open_test_0_9826.png Graphic file (type png
)
<use /home/rabikkk/Pictures/images/open_test_0_9826.png>
Package pdftex.def Info: /home/rabikkk/Pictures/images/open_test_0_9826.png  us
ed on input line 275.
(pdftex.def)             Requested size: 90.5922pt x 90.59943pt.
Chapter 4.
</home/rabikkk/Pictures/images/framework.png, id=84, 824.07875pt x 81.30376pt>
File: /home/rabikkk/Pictures/images/framework.png Graphic file (type png)
<use /home/rabikkk/Pictures/images/framework.png>
Package pdftex.def Info: /home/rabikkk/Pictures/images/framework.png  used on i
nput line 285.
(pdftex.def)             Requested size: 452.9679pt x 44.6899pt.

LaTeX Warning: `!h' float specifier changed to `!ht'.

File: Deu.jpg Graphic file (type jpg)
<use Deu.jpg>
Package pdftex.def Info: Deu.jpg  used on input line 288.
(pdftex.def)             Requested size: 284.52756pt x 262.27362pt.
[9 </home/rabikkk/Pictures/images/data1.png> </home/rabikkk/Pictures/images/clo
se_test289.jpg (PNG copy)> </home/rabikkk/Pictures/images/index_test179.jpg> </
home/rabikkk/Pictures/images/last_test71.jpg> </home/rabikkk/Pictures/images/op
en_test_0_9826.png (PNG copy)>]

LaTeX Warning: Citation `adaf' on page 10 undefined on input line 294.

</home/rabikkk/Pictures/images/raspi1.png, id=89, 498.86375pt x 192.72pt>
File: /home/rabikkk/Pictures/images/raspi1.png Graphic file (type png)
<use /home/rabikkk/Pictures/images/raspi1.png>
Package pdftex.def Info: /home/rabikkk/Pictures/images/raspi1.png  used on inpu
t line 297.
(pdftex.def)             Requested size: 362.37569pt x 139.99629pt.

LaTeX Warning: Citation `perip' on page 10 undefined on input line 302.


LaTeX Warning: `!h' float specifier changed to `!ht'.

File: Deu.jpg Graphic file (type jpg)
<use Deu.jpg>
Package pdftex.def Info: Deu.jpg  used on input line 321.
(pdftex.def)             Requested size: 284.52756pt x 262.27362pt.
[10 </home/rabikkk/Pictures/images/framework.png> </home/rabikkk/Pictures/image
s/raspi1.png>]

LaTeX Warning: Citation `cv2' on page 11 undefined on input line 356.

</home/rabikkk/Pictures/images/4.img.jpg, id=95, 289.08pt x 289.08pt>
File: /home/rabikkk/Pictures/images/4.img.jpg Graphic file (type jpg)
<use /home/rabikkk/Pictures/images/4.img.jpg>
Package pdftex.def Info: /home/rabikkk/Pictures/images/4.img.jpg  used on input
 line 359.
(pdftex.def)             Requested size: 104.18068pt x 104.17899pt.
</home/rabikkk/Pictures/images/3.img.jpg, id=96, 24.09pt x 24.09pt>
File: /home/rabikkk/Pictures/images/3.img.jpg Graphic file (type jpg)
<use /home/rabikkk/Pictures/images/3.img.jpg>
Package pdftex.def Info: /home/rabikkk/Pictures/images/3.img.jpg  used on input
 line 360.
(pdftex.def)             Requested size: 104.18068pt x 104.19765pt.
File: Deu.jpg Graphic file (type jpg)
<use Deu.jpg>
Package pdftex.def Info: Deu.jpg  used on input line 370.
(pdftex.def)             Requested size: 284.52756pt x 262.27362pt.
[11 </home/rabikkk/Pictures/images/4.img.jpg> </home/rabikkk/Pictures/images/3.
img.jpg>]
</home/rabikkk/Pictures/images/eeprom.png, id=101, 960.58875pt x 514.92375pt>
File: /home/rabikkk/Pictures/images/eeprom.png Graphic file (type png)
<use /home/rabikkk/Pictures/images/eeprom.png>
Package pdftex.def Info: /home/rabikkk/Pictures/images/eeprom.png  used on inpu
t line 376.
(pdftex.def)             Requested size: 452.9679pt x 242.81561pt.


LaTeX Warning: Citation `datasheet' on page 12 undefined on input line 377.


LaTeX Warning: Citation `datasheet' on page 12 undefined on input line 380.


Underfull \hbox (badness 10000) in paragraph at lines 380--413

 []

File: Deu.jpg Graphic file (type jpg)
<use Deu.jpg>
Package pdftex.def Info: Deu.jpg  used on input line 413.
(pdftex.def)             Requested size: 284.52756pt x 262.27362pt.
[12 </home/rabikkk/Pictures/images/eeprom.png>]
</home/rabikkk/Pictures/images/last_test58.png, id=111, 385.44pt x 385.44pt>
File: /home/rabikkk/Pictures/images/last_test58.png Graphic file (type png)
<use /home/rabikkk/Pictures/images/last_test58.png>
Package pdftex.def Info: /home/rabikkk/Pictures/images/last_test58.png  used on
 input line 418.
(pdftex.def)             Requested size: 104.18068pt x 104.17606pt.
</home/rabikkk/Pictures/images/last_test59.png, id=112, 385.44pt x 385.44pt>
File: /home/rabikkk/Pictures/images/last_test59.png Graphic file (type png)
<use /home/rabikkk/Pictures/images/last_test59.png>
Package pdftex.def Info: /home/rabikkk/Pictures/images/last_test59.png  used on
 input line 419.
(pdftex.def)             Requested size: 104.18068pt x 104.17606pt.
</home/rabikkk/Pictures/images/last_test60.png, id=113, 385.44pt x 385.44pt>
File: /home/rabikkk/Pictures/images/last_test60.png Graphic file (type png)
<use /home/rabikkk/Pictures/images/last_test60.png>
Package pdftex.def Info: /home/rabikkk/Pictures/images/last_test60.png  used on
 input line 420.
(pdftex.def)             Requested size: 104.18068pt x 104.17606pt.


LaTeX Warning: Citation `datasheet' on page 13 undefined on input line 424.

File: Deu.jpg Graphic file (type jpg)
<use Deu.jpg>
Package pdftex.def Info: Deu.jpg  used on input line 425.
(pdftex.def)             Requested size: 284.52756pt x 262.27362pt.
[13 </home/rabikkk/Pictures/images/last_test58.png (PNG copy)> </home/rabikkk/P
ictures/images/last_test59.png (PNG copy)> </home/rabikkk/Pictures/images/last_
test60.png (PNG copy)>]
</home/rabikkk/Pictures/images/rgb0.png, id=119, 385.44pt x 385.44pt>
File: /home/rabikkk/Pictures/images/rgb0.png Graphic file (type png)
<use /home/rabikkk/Pictures/images/rgb0.png>
Package pdftex.def Info: /home/rabikkk/Pictures/images/rgb0.png  used on input 
line 429.
(pdftex.def)             Requested size: 104.18068pt x 104.17606pt.
</home/rabikkk/Pictures/images/rgb1.png, id=120, 385.44pt x 385.44pt>
File: /home/rabikkk/Pictures/images/rgb1.png Graphic file (type png)
<use /home/rabikkk/Pictures/images/rgb1.png>
Package pdftex.def Info: /home/rabikkk/Pictures/images/rgb1.png  used on input 
line 430.
(pdftex.def)             Requested size: 104.18068pt x 104.17606pt.
</home/rabikkk/Pictures/images/rgb2.png, id=121, 385.44pt x 385.44pt>
File: /home/rabikkk/Pictures/images/rgb2.png Graphic file (type png)
<use /home/rabikkk/Pictures/images/rgb2.png>
Package pdftex.def Info: /home/rabikkk/Pictures/images/rgb2.png  used on input 
line 431.
(pdftex.def)             Requested size: 104.18068pt x 104.17606pt.
</home/rabikkk/Pictures/images/rgb3.png, id=122, 385.44pt x 385.44pt>
File: /home/rabikkk/Pictures/images/rgb3.png Graphic file (type png)
<use /home/rabikkk/Pictures/images/rgb3.png>
Package pdftex.def Info: /home/rabikkk/Pictures/images/rgb3.png  used on input 
line 432.
(pdftex.def)             Requested size: 104.18068pt x 104.17606pt.
</home/rabikkk/Pictures/images/tek2.png, id=123, 383.4325pt x 508.90125pt>
File: /home/rabikkk/Pictures/images/tek2.png Graphic file (type png)
<use /home/rabikkk/Pictures/images/tek2.png>
Package pdftex.def Info: /home/rabikkk/Pictures/images/tek2.png  used on input 
line 448.
(pdftex.def)             Requested size: 122.30325pt x 162.32368pt.


LaTeX Warning: Citation `dataset' on page 14 undefined on input line 452.

File: Deu.jpg Graphic file (type jpg)
<use Deu.jpg>
Package pdftex.def Info: Deu.jpg  used on input line 453.
(pdftex.def)             Requested size: 284.52756pt x 262.27362pt.
[14 </home/rabikkk/Pictures/images/rgb0.png (PNG copy)> </home/rabikkk/Pictures
/images/rgb1.png (PNG copy)> </home/rabikkk/Pictures/images/rgb2.png (PNG copy)
> </home/rabikkk/Pictures/images/rgb3.png (PNG copy)> </home/rabikkk/Pictures/i
mages/tek2.png>]

LaTeX Warning: Citation `lenet' on page 15 undefined on input line 455.

</home/rabikkk/Pictures/images/cnn.png, id=128, 993.7125pt x 201.75375pt>
File: /home/rabikkk/Pictures/images/cnn.png Graphic file (type png)
<use /home/rabikkk/Pictures/images/cnn.png>
Package pdftex.def Info: /home/rabikkk/Pictures/images/cnn.png  used on input l
ine 461.
(pdftex.def)             Requested size: 452.9679pt x 91.9674pt.

LaTeX Warning: `!h' float specifier changed to `!ht'.

File: Deu.jpg Graphic file (type jpg)
<use Deu.jpg>
Package pdftex.def Info: Deu.jpg  used on input line 502.
(pdftex.def)             Requested size: 284.52756pt x 262.27362pt.
[15 </home/rabikkk/Pictures/images/cnn.png>]
</home/rabikkk/Pictures/images/learning_8_0.png, id=133, 373.395pt x 264.99pt>
File: /home/rabikkk/Pictures/images/learning_8_0.png Graphic file (type png)
<use /home/rabikkk/Pictures/images/learning_8_0.png>
Package pdftex.def Info: /home/rabikkk/Pictures/images/learning_8_0.png  used o
n input line 508.
(pdftex.def)             Requested size: 181.18439pt x 128.58064pt.
</home/rabikkk/Pictures/images/learning_9_0.png, id=134, 373.395pt x 264.99pt>
File: /home/rabikkk/Pictures/images/learning_9_0.png Graphic file (type png)
<use /home/rabikkk/Pictures/images/learning_9_0.png>
Package pdftex.def Info: /home/rabikkk/Pictures/images/learning_9_0.png  used o
n input line 509.
(pdftex.def)             Requested size: 181.18439pt x 128.58064pt.


LaTeX Warning: Citation `datasheet' on page 16 undefined on input line 519.


Underfull \hbox (badness 10000) in paragraph at lines 533--535

 []

File: Deu.jpg Graphic file (type jpg)
<use Deu.jpg>
Package pdftex.def Info: Deu.jpg  used on input line 536.
(pdftex.def)             Requested size: 284.52756pt x 262.27362pt.
[16 </home/rabikkk/Pictures/images/learning_8_0.png> </home/rabikkk/Pictures/im
ages/learning_9_0.png>]
Underfull \hbox (badness 10000) in paragraph at lines 536--537

 []

File: /home/rabikkk/Pictures/images/rgb0.png Graphic file (type png)
<use /home/rabikkk/Pictures/images/rgb0.png>
Package pdftex.def Info: /home/rabikkk/Pictures/images/rgb0.png  used on input 
line 541.
(pdftex.def)             Requested size: 104.18068pt x 104.17606pt.
File: /home/rabikkk/Pictures/images/rgb1.png Graphic file (type png)
<use /home/rabikkk/Pictures/images/rgb1.png>
Package pdftex.def Info: /home/rabikkk/Pictures/images/rgb1.png  used on input 
line 542.
(pdftex.def)             Requested size: 104.18068pt x 104.17606pt.
File: /home/rabikkk/Pictures/images/rgb2.png Graphic file (type png)
<use /home/rabikkk/Pictures/images/rgb2.png>
Package pdftex.def Info: /home/rabikkk/Pictures/images/rgb2.png  used on input 
line 543.
(pdftex.def)             Requested size: 104.18068pt x 104.17606pt.

LaTeX Warning: Citation `datasheet' on page 17 undefined on input line 548.


Underfull \hbox (badness 10000) in paragraph at lines 561--562

 []


LaTeX Warning: Citation `datasheet' on page 17 undefined on input line 565.


Underfull \hbox (badness 10000) in paragraph at lines 578--579

 []


LaTeX Warning: Citation `datasheet' on page 17 undefined on input line 580.


Underfull \hbox (badness 10000) in paragraph at lines 579--581

 []


Underfull \hbox (badness 10000) in paragraph at lines 582--583

 []

File: Deu.jpg Graphic file (type jpg)
<use Deu.jpg>
Package pdftex.def Info: Deu.jpg  used on input line 583.
(pdftex.def)             Requested size: 284.52756pt x 262.27362pt.
[17]

LaTeX Warning: Citation `datasheet' on page 18 undefined on input line 586.


Underfull \hbox (badness 10000) in paragraph at lines 599--600

 []


Underfull \hbox (badness 10000) in paragraph at lines 601--602

 []

File: Deu.jpg Graphic file (type jpg)
<use Deu.jpg>
Package pdftex.def Info: Deu.jpg  used on input line 605.
(pdftex.def)             Requested size: 284.52756pt x 262.27362pt.
[18]
Chapter 5.
Missing character: There is no * in font nullfont!
Missing character: There is no 1 in font nullfont!
Missing character: There is no b in font nullfont!
Missing character: There is no l in font nullfont!
Missing character: There is no a in font nullfont!
Missing character: There is no c in font nullfont!
Missing character: There is no k in font nullfont!
Missing character: There is no , in font nullfont!
Missing character: There is no d in font nullfont!
Missing character: There is no a in font nullfont!
Missing character: There is no s in font nullfont!
Missing character: There is no h in font nullfont!
Missing character: There is no e in font nullfont!
Missing character: There is no d in font nullfont!
Missing character: There is no , in font nullfont!
Missing character: There is no , in font nullfont!

Overfull \hbox (286.7829pt too wide) in paragraph at lines 608--688
[]
 []


Underfull \hbox (badness 10000) in paragraph at lines 608--688

 []

File: Deu.jpg Graphic file (type jpg)
<use Deu.jpg>
Package pdftex.def Info: Deu.jpg  used on input line 688.
(pdftex.def)             Requested size: 284.52756pt x 262.27362pt.
[19]
Chapter 6.
Chapter 7.
File: Deu.jpg Graphic file (type jpg)
<use Deu.jpg>
Package pdftex.def Info: Deu.jpg  used on input line 699.
(pdftex.def)             Requested size: 284.52756pt x 262.27362pt.
[20] (./Ornek_tez_Bahar.bbl

LaTeX Warning: Empty `thebibliography' environment on input line 8.

)
File: Deu.jpg Graphic file (type jpg)
<use Deu.jpg>
Package pdftex.def Info: Deu.jpg  used on input line 703.
(pdftex.def)             Requested size: 284.52756pt x 262.27362pt.
 [21]
Chapter 8.
(./Ornek_tez_Bahar.aux)

LaTeX Warning: There were undefined references.

 ) 
Here is how much of TeX's memory you used:
 21506 strings out of 480616
 452444 string characters out of 5906382
 772722 words of memory out of 6000000
 36979 multiletter control sequences out of 15000+600000
 540581 words of font info for 52 fonts, out of 8000000 for 9000
 1137 hyphenation exceptions out of 8191
 68i,12n,90p,1693b,1245s stack positions out of 5000i,500n,10000p,200000b,80000s
{/usr/share/texlive/texmf-dist/fonts/enc/dvips/cm-super/cm-super-ts1.enc}</us
r/share/texlive/texmf-dist/fonts/type1/public/amsfonts/cm/cmbx10.pfb></usr/shar
e/texlive/texmf-dist/fonts/type1/public/amsfonts/cm/cmbx12.pfb></usr/share/texl
ive/texmf-dist/fonts/type1/public/amsfonts/cmextra/cmex8.pfb></usr/share/texliv
e/texmf-dist/fonts/type1/public/amsfonts/cm/cmmi10.pfb></usr/share/texlive/texm
f-dist/fonts/type1/public/amsfonts/cm/cmmi6.pfb></usr/share/texlive/texmf-dist/
fonts/type1/public/amsfonts/cm/cmmi8.pfb></usr/share/texlive/texmf-dist/fonts/t
ype1/public/amsfonts/cm/cmr10.pfb></usr/share/texlive/texmf-dist/fonts/type1/pu
blic/amsfonts/cm/cmr12.pfb></usr/share/texlive/texmf-dist/fonts/type1/public/am
sfonts/cm/cmr17.pfb></usr/share/texlive/texmf-dist/fonts/type1/public/amsfonts/
cm/cmr6.pfb></usr/share/texlive/texmf-dist/fonts/type1/public/amsfonts/cm/cmr8.
pfb></usr/share/texlive/texmf-dist/fonts/type1/public/amsfonts/cm/cmsy10.pfb></
usr/share/texlive/texmf-dist/fonts/type1/public/amsfonts/cm/cmsy6.pfb></usr/sha
re/texlive/texmf-dist/fonts/type1/public/amsfonts/cm/cmsy8.pfb></usr/share/texl
ive/texmf-dist/fonts/type1/public/amsfonts/cm/cmti12.pfb></usr/share/texlive/te
xmf-dist/fonts/type1/public/cm-super/sfrm1095.pfb>
Output written on Ornek_tez_Bahar.pdf (29 pages, 2072952 bytes).
PDF statistics:
 218 PDF objects out of 1000 (max. 8388607)
 122 compressed objects within 2 object streams
 0 named destinations out of 1000 (max. 500000)
 187 words of extra memory for PDF output out of 10000 (max. 10000000)

