This is pdfTeX, Version 3.14159265-2.6-1.40.21 (TeX Live 2020) (preloaded format=pdflatex 2021.6.19)  24 JUN 2021 10:48
entering extended mode
 restricted \write18 enabled.
 %&-line parsing enabled.
**Ornek_tez_Bahar.tex
(./Ornek_tez_Bahar.tex
LaTeX2e <2020-02-02> patch level 5
L3 programming layer <2020-04-06> (./deutez.cls
Document Class: deutez 2014/06/05 Tez Döküman Sınıfı v1.1
(/usr/share/texlive/texmf-dist/tex/latex/base/report.cls
Document Class: report 2019/12/20 v1.4l Standard LaTeX document class
(/usr/share/texlive/texmf-dist/tex/latex/base/size11.clo
File: size11.clo 2019/12/20 v1.4l Standard LaTeX file (size option)
)
\c@part=\count167
\c@chapter=\count168
\c@section=\count169
\c@subsection=\count170
\c@subsubsection=\count171
\c@paragraph=\count172
\c@subparagraph=\count173
\c@figure=\count174
\c@table=\count175
\abovecaptionskip=\skip47
\belowcaptionskip=\skip48
\bibindent=\dimen134
)
(/usr/share/texlive/texmf-dist/tex/generic/babel/babel.sty
Package: babel 2020/03/22 3.42 The Babel package

(/usr/share/texlive/texmf-dist/tex/generic/babel/switch.def
File: switch.def 2020/03/22 3.42 Babel switching mechanism
)
(/usr/share/texlive/texmf-dist/tex/generic/babel-english/english.ldf
Language: english 2017/06/06 v3.3r English support from the babel system

(/usr/share/texlive/texmf-dist/tex/generic/babel/babel.def
File: babel.def 2020/03/22 3.42 Babel common definitions
\babel@savecnt=\count176
\U@D=\dimen135

(/usr/share/texlive/texmf-dist/tex/generic/babel/txtbabel.def)
\bbl@readstream=\read2
\bbl@dirlevel=\count177
)
Package babel Info: \l@canadian = using hyphenrules for english
(babel)             (\language0) on input line 102.
Package babel Info: \l@australian = using hyphenrules for ukenglish
(babel)             (\language65) on input line 105.
Package babel Info: \l@newzealand = using hyphenrules for ukenglish
(babel)             (\language65) on input line 108.
))
(/usr/share/texlive/texmf-dist/tex/latex/base/inputenc.sty
Package: inputenc 2018/08/11 v1.3c Input encoding file
\inpenc@prehook=\toks15
\inpenc@posthook=\toks16
)
(/usr/share/texlive/texmf-dist/tex/latex/graphics/graphicx.sty
Package: graphicx 2019/11/30 v1.2a Enhanced LaTeX Graphics (DPC,SPQR)

(/usr/share/texlive/texmf-dist/tex/latex/graphics/keyval.sty
Package: keyval 2014/10/28 v1.15 key=value parser (DPC)
\KV@toks@=\toks17
)
(/usr/share/texlive/texmf-dist/tex/latex/graphics/graphics.sty
Package: graphics 2019/11/30 v1.4a Standard LaTeX Graphics (DPC,SPQR)

(/usr/share/texlive/texmf-dist/tex/latex/graphics/trig.sty
Package: trig 2016/01/03 v1.10 sin cos tan (DPC)
)
(/usr/share/texlive/texmf-dist/tex/latex/graphics-cfg/graphics.cfg
File: graphics.cfg 2016/06/04 v1.11 sample graphics configuration
)
Package graphics Info: Driver file: pdftex.def on input line 105.

(/usr/share/texlive/texmf-dist/tex/latex/graphics-def/pdftex.def
File: pdftex.def 2018/01/08 v1.0l Graphics/color driver for pdftex
))
\Gin@req@height=\dimen136
\Gin@req@width=\dimen137
)
(/usr/share/texlive/texmf-dist/tex/latex/geometry/geometry.sty
Package: geometry 2020/01/02 v5.9 Page Geometry

(/usr/share/texlive/texmf-dist/tex/generic/iftex/ifvtex.sty
Package: ifvtex 2019/10/25 v1.7 ifvtex legacy package. Use iftex instead.

(/usr/share/texlive/texmf-dist/tex/generic/iftex/iftex.sty
Package: iftex 2020/03/06 v1.0d TeX engine tests
))
\Gm@cnth=\count178
\Gm@cntv=\count179
\c@Gm@tempcnt=\count180
\Gm@bindingoffset=\dimen138
\Gm@wd@mp=\dimen139
\Gm@odd@mp=\dimen140
\Gm@even@mp=\dimen141
\Gm@layoutwidth=\dimen142
\Gm@layoutheight=\dimen143
\Gm@layouthoffset=\dimen144
\Gm@layoutvoffset=\dimen145
\Gm@dimlist=\toks18
)
(/usr/share/texlive/texmf-dist/tex/latex/everypage/everypage.sty
Package: everypage 2007/06/20 1.1 Hooks to run on every page
)
(/usr/share/texlive/texmf-dist/tex/latex/tools/afterpage.sty
Package: afterpage 2014/10/28 v1.08 After-Page Package (DPC)
\AP@output=\toks19
\AP@partial=\box45
\AP@footins=\box46
)
(/usr/share/texlive/texmf-dist/tex/latex/pgf/frontendlayer/tikz.sty
(/usr/share/texlive/texmf-dist/tex/latex/pgf/basiclayer/pgf.sty
(/usr/share/texlive/texmf-dist/tex/latex/pgf/utilities/pgfrcs.sty
(/usr/share/texlive/texmf-dist/tex/generic/pgf/utilities/pgfutil-common.tex
\pgfutil@everybye=\toks20
\pgfutil@tempdima=\dimen146
\pgfutil@tempdimb=\dimen147

(/usr/share/texlive/texmf-dist/tex/generic/pgf/utilities/pgfutil-common-lists.t
ex)) (/usr/share/texlive/texmf-dist/tex/generic/pgf/utilities/pgfutil-latex.def
\pgfutil@abb=\box47
(/usr/share/texlive/texmf-dist/tex/latex/ms/everyshi.sty
Package: everyshi 2001/05/15 v3.00 EveryShipout Package (MS)
))
(/usr/share/texlive/texmf-dist/tex/generic/pgf/utilities/pgfrcs.code.tex
(/usr/share/texlive/texmf-dist/tex/generic/pgf/pgf.revision.tex)
Package: pgfrcs 2020/01/08 v3.1.5b (3.1.5b)
))
Package: pgf 2020/01/08 v3.1.5b (3.1.5b)

(/usr/share/texlive/texmf-dist/tex/latex/pgf/basiclayer/pgfcore.sty
(/usr/share/texlive/texmf-dist/tex/latex/pgf/systemlayer/pgfsys.sty
(/usr/share/texlive/texmf-dist/tex/generic/pgf/systemlayer/pgfsys.code.tex
Package: pgfsys 2020/01/08 v3.1.5b (3.1.5b)

(/usr/share/texlive/texmf-dist/tex/generic/pgf/utilities/pgfkeys.code.tex
\pgfkeys@pathtoks=\toks21
\pgfkeys@temptoks=\toks22

(/usr/share/texlive/texmf-dist/tex/generic/pgf/utilities/pgfkeysfiltered.code.t
ex
\pgfkeys@tmptoks=\toks23
))
\pgf@x=\dimen148
\pgf@y=\dimen149
\pgf@xa=\dimen150
\pgf@ya=\dimen151
\pgf@xb=\dimen152
\pgf@yb=\dimen153
\pgf@xc=\dimen154
\pgf@yc=\dimen155
\pgf@xd=\dimen156
\pgf@yd=\dimen157
\w@pgf@writea=\write3
\r@pgf@reada=\read3
\c@pgf@counta=\count181
\c@pgf@countb=\count182
\c@pgf@countc=\count183
\c@pgf@countd=\count184
\t@pgf@toka=\toks24
\t@pgf@tokb=\toks25
\t@pgf@tokc=\toks26
\pgf@sys@id@count=\count185
 (/usr/share/texlive/texmf-dist/tex/generic/pgf/systemlayer/pgf.cfg
File: pgf.cfg 2020/01/08 v3.1.5b (3.1.5b)
)
Driver file for pgf: pgfsys-pdftex.def

(/usr/share/texlive/texmf-dist/tex/generic/pgf/systemlayer/pgfsys-pdftex.def
File: pgfsys-pdftex.def 2020/01/08 v3.1.5b (3.1.5b)

(/usr/share/texlive/texmf-dist/tex/generic/pgf/systemlayer/pgfsys-common-pdf.de
f
File: pgfsys-common-pdf.def 2020/01/08 v3.1.5b (3.1.5b)
)))
(/usr/share/texlive/texmf-dist/tex/generic/pgf/systemlayer/pgfsyssoftpath.code.
tex
File: pgfsyssoftpath.code.tex 2020/01/08 v3.1.5b (3.1.5b)
\pgfsyssoftpath@smallbuffer@items=\count186
\pgfsyssoftpath@bigbuffer@items=\count187
)
(/usr/share/texlive/texmf-dist/tex/generic/pgf/systemlayer/pgfsysprotocol.code.
tex
File: pgfsysprotocol.code.tex 2020/01/08 v3.1.5b (3.1.5b)
)) (/usr/share/texlive/texmf-dist/tex/latex/xcolor/xcolor.sty
Package: xcolor 2016/05/11 v2.12 LaTeX color extensions (UK)

(/usr/share/texlive/texmf-dist/tex/latex/graphics-cfg/color.cfg
File: color.cfg 2016/01/02 v1.6 sample color configuration
)
Package xcolor Info: Driver file: pdftex.def on input line 225.
Package xcolor Info: Model `cmy' substituted by `cmy0' on input line 1348.
Package xcolor Info: Model `hsb' substituted by `rgb' on input line 1352.
Package xcolor Info: Model `RGB' extended on input line 1364.
Package xcolor Info: Model `HTML' substituted by `rgb' on input line 1366.
Package xcolor Info: Model `Hsb' substituted by `hsb' on input line 1367.
Package xcolor Info: Model `tHsb' substituted by `hsb' on input line 1368.
Package xcolor Info: Model `HSB' substituted by `hsb' on input line 1369.
Package xcolor Info: Model `Gray' substituted by `gray' on input line 1370.
Package xcolor Info: Model `wave' substituted by `hsb' on input line 1371.
)
(/usr/share/texlive/texmf-dist/tex/generic/pgf/basiclayer/pgfcore.code.tex
Package: pgfcore 2020/01/08 v3.1.5b (3.1.5b)

(/usr/share/texlive/texmf-dist/tex/generic/pgf/math/pgfmath.code.tex
(/usr/share/texlive/texmf-dist/tex/generic/pgf/math/pgfmathcalc.code.tex
(/usr/share/texlive/texmf-dist/tex/generic/pgf/math/pgfmathutil.code.tex)
(/usr/share/texlive/texmf-dist/tex/generic/pgf/math/pgfmathparser.code.tex
\pgfmath@dimen=\dimen158
\pgfmath@count=\count188
\pgfmath@box=\box48
\pgfmath@toks=\toks27
\pgfmath@stack@operand=\toks28
\pgfmath@stack@operation=\toks29
)
(/usr/share/texlive/texmf-dist/tex/generic/pgf/math/pgfmathfunctions.code.tex
(/usr/share/texlive/texmf-dist/tex/generic/pgf/math/pgfmathfunctions.basic.code
.tex)
(/usr/share/texlive/texmf-dist/tex/generic/pgf/math/pgfmathfunctions.trigonomet
ric.code.tex)
(/usr/share/texlive/texmf-dist/tex/generic/pgf/math/pgfmathfunctions.random.cod
e.tex)
(/usr/share/texlive/texmf-dist/tex/generic/pgf/math/pgfmathfunctions.comparison
.code.tex)
(/usr/share/texlive/texmf-dist/tex/generic/pgf/math/pgfmathfunctions.base.code.
tex)
(/usr/share/texlive/texmf-dist/tex/generic/pgf/math/pgfmathfunctions.round.code
.tex)
(/usr/share/texlive/texmf-dist/tex/generic/pgf/math/pgfmathfunctions.misc.code.
tex)
(/usr/share/texlive/texmf-dist/tex/generic/pgf/math/pgfmathfunctions.integerari
thmetics.code.tex)))
(/usr/share/texlive/texmf-dist/tex/generic/pgf/math/pgfmathfloat.code.tex
\c@pgfmathroundto@lastzeros=\count189
))
(/usr/share/texlive/texmf-dist/tex/generic/pgf/math/pgfint.code.tex)
(/usr/share/texlive/texmf-dist/tex/generic/pgf/basiclayer/pgfcorepoints.code.te
x
File: pgfcorepoints.code.tex 2020/01/08 v3.1.5b (3.1.5b)
\pgf@picminx=\dimen159
\pgf@picmaxx=\dimen160
\pgf@picminy=\dimen161
\pgf@picmaxy=\dimen162
\pgf@pathminx=\dimen163
\pgf@pathmaxx=\dimen164
\pgf@pathminy=\dimen165
\pgf@pathmaxy=\dimen166
\pgf@xx=\dimen167
\pgf@xy=\dimen168
\pgf@yx=\dimen169
\pgf@yy=\dimen170
\pgf@zx=\dimen171
\pgf@zy=\dimen172
)
(/usr/share/texlive/texmf-dist/tex/generic/pgf/basiclayer/pgfcorepathconstruct.
code.tex
File: pgfcorepathconstruct.code.tex 2020/01/08 v3.1.5b (3.1.5b)
\pgf@path@lastx=\dimen173
\pgf@path@lasty=\dimen174
)
(/usr/share/texlive/texmf-dist/tex/generic/pgf/basiclayer/pgfcorepathusage.code
.tex
File: pgfcorepathusage.code.tex 2020/01/08 v3.1.5b (3.1.5b)
\pgf@shorten@end@additional=\dimen175
\pgf@shorten@start@additional=\dimen176
)
(/usr/share/texlive/texmf-dist/tex/generic/pgf/basiclayer/pgfcorescopes.code.te
x
File: pgfcorescopes.code.tex 2020/01/08 v3.1.5b (3.1.5b)
\pgfpic=\box49
\pgf@hbox=\box50
\pgf@layerbox@main=\box51
\pgf@picture@serial@count=\count190
)
(/usr/share/texlive/texmf-dist/tex/generic/pgf/basiclayer/pgfcoregraphicstate.c
ode.tex
File: pgfcoregraphicstate.code.tex 2020/01/08 v3.1.5b (3.1.5b)
\pgflinewidth=\dimen177
)
(/usr/share/texlive/texmf-dist/tex/generic/pgf/basiclayer/pgfcoretransformation
s.code.tex
File: pgfcoretransformations.code.tex 2020/01/08 v3.1.5b (3.1.5b)
\pgf@pt@x=\dimen178
\pgf@pt@y=\dimen179
\pgf@pt@temp=\dimen180
)
(/usr/share/texlive/texmf-dist/tex/generic/pgf/basiclayer/pgfcorequick.code.tex
File: pgfcorequick.code.tex 2020/01/08 v3.1.5b (3.1.5b)
)
(/usr/share/texlive/texmf-dist/tex/generic/pgf/basiclayer/pgfcoreobjects.code.t
ex
File: pgfcoreobjects.code.tex 2020/01/08 v3.1.5b (3.1.5b)
)
(/usr/share/texlive/texmf-dist/tex/generic/pgf/basiclayer/pgfcorepathprocessing
.code.tex
File: pgfcorepathprocessing.code.tex 2020/01/08 v3.1.5b (3.1.5b)
)
(/usr/share/texlive/texmf-dist/tex/generic/pgf/basiclayer/pgfcorearrows.code.te
x
File: pgfcorearrows.code.tex 2020/01/08 v3.1.5b (3.1.5b)
\pgfarrowsep=\dimen181
)
(/usr/share/texlive/texmf-dist/tex/generic/pgf/basiclayer/pgfcoreshade.code.tex
File: pgfcoreshade.code.tex 2020/01/08 v3.1.5b (3.1.5b)
\pgf@max=\dimen182
\pgf@sys@shading@range@num=\count191
\pgf@shadingcount=\count192
)
(/usr/share/texlive/texmf-dist/tex/generic/pgf/basiclayer/pgfcoreimage.code.tex
File: pgfcoreimage.code.tex 2020/01/08 v3.1.5b (3.1.5b)

(/usr/share/texlive/texmf-dist/tex/generic/pgf/basiclayer/pgfcoreexternal.code.
tex
File: pgfcoreexternal.code.tex 2020/01/08 v3.1.5b (3.1.5b)
\pgfexternal@startupbox=\box52
))
(/usr/share/texlive/texmf-dist/tex/generic/pgf/basiclayer/pgfcorelayers.code.te
x
File: pgfcorelayers.code.tex 2020/01/08 v3.1.5b (3.1.5b)
)
(/usr/share/texlive/texmf-dist/tex/generic/pgf/basiclayer/pgfcoretransparency.c
ode.tex
File: pgfcoretransparency.code.tex 2020/01/08 v3.1.5b (3.1.5b)
)
(/usr/share/texlive/texmf-dist/tex/generic/pgf/basiclayer/pgfcorepatterns.code.
tex
File: pgfcorepatterns.code.tex 2020/01/08 v3.1.5b (3.1.5b)
)
(/usr/share/texlive/texmf-dist/tex/generic/pgf/basiclayer/pgfcorerdf.code.tex
File: pgfcorerdf.code.tex 2020/01/08 v3.1.5b (3.1.5b)
)))
(/usr/share/texlive/texmf-dist/tex/generic/pgf/modules/pgfmoduleshapes.code.tex
File: pgfmoduleshapes.code.tex 2020/01/08 v3.1.5b (3.1.5b)
\pgfnodeparttextbox=\box53
) (/usr/share/texlive/texmf-dist/tex/generic/pgf/modules/pgfmoduleplot.code.tex
File: pgfmoduleplot.code.tex 2020/01/08 v3.1.5b (3.1.5b)
)
(/usr/share/texlive/texmf-dist/tex/latex/pgf/compatibility/pgfcomp-version-0-65
.sty
Package: pgfcomp-version-0-65 2020/01/08 v3.1.5b (3.1.5b)
\pgf@nodesepstart=\dimen183
\pgf@nodesepend=\dimen184
)
(/usr/share/texlive/texmf-dist/tex/latex/pgf/compatibility/pgfcomp-version-1-18
.sty
Package: pgfcomp-version-1-18 2020/01/08 v3.1.5b (3.1.5b)
)) (/usr/share/texlive/texmf-dist/tex/latex/pgf/utilities/pgffor.sty
(/usr/share/texlive/texmf-dist/tex/latex/pgf/utilities/pgfkeys.sty
(/usr/share/texlive/texmf-dist/tex/generic/pgf/utilities/pgfkeys.code.tex))
(/usr/share/texlive/texmf-dist/tex/latex/pgf/math/pgfmath.sty
(/usr/share/texlive/texmf-dist/tex/generic/pgf/math/pgfmath.code.tex))
(/usr/share/texlive/texmf-dist/tex/generic/pgf/utilities/pgffor.code.tex
Package: pgffor 2020/01/08 v3.1.5b (3.1.5b)

(/usr/share/texlive/texmf-dist/tex/generic/pgf/math/pgfmath.code.tex)
\pgffor@iter=\dimen185
\pgffor@skip=\dimen186
\pgffor@stack=\toks30
\pgffor@toks=\toks31
))
(/usr/share/texlive/texmf-dist/tex/generic/pgf/frontendlayer/tikz/tikz.code.tex
Package: tikz 2020/01/08 v3.1.5b (3.1.5b)

(/usr/share/texlive/texmf-dist/tex/generic/pgf/libraries/pgflibraryplothandlers
.code.tex
File: pgflibraryplothandlers.code.tex 2020/01/08 v3.1.5b (3.1.5b)
\pgf@plot@mark@count=\count193
\pgfplotmarksize=\dimen187
)
\tikz@lastx=\dimen188
\tikz@lasty=\dimen189
\tikz@lastxsaved=\dimen190
\tikz@lastysaved=\dimen191
\tikz@lastmovetox=\dimen192
\tikz@lastmovetoy=\dimen193
\tikzleveldistance=\dimen194
\tikzsiblingdistance=\dimen195
\tikz@figbox=\box54
\tikz@figbox@bg=\box55
\tikz@tempbox=\box56
\tikz@tempbox@bg=\box57
\tikztreelevel=\count194
\tikznumberofchildren=\count195
\tikznumberofcurrentchild=\count196
\tikz@fig@count=\count197

(/usr/share/texlive/texmf-dist/tex/generic/pgf/modules/pgfmodulematrix.code.tex
File: pgfmodulematrix.code.tex 2020/01/08 v3.1.5b (3.1.5b)
\pgfmatrixcurrentrow=\count198
\pgfmatrixcurrentcolumn=\count199
\pgf@matrix@numberofcolumns=\count266
)
\tikz@expandcount=\count267

(/usr/share/texlive/texmf-dist/tex/generic/pgf/frontendlayer/tikz/libraries/tik
zlibrarytopaths.code.tex
File: tikzlibrarytopaths.code.tex 2020/01/08 v3.1.5b (3.1.5b)
)))
(/usr/share/texlive/texmf-dist/tex/latex/ifthenx/ifthenx.sty
Package: ifthenx 2012/04/01 (v0.1a) ifthen package extensions (GJ)

(/usr/share/texlive/texmf-dist/tex/latex/base/ifthen.sty
Package: ifthen 2014/09/29 v1.1c Standard LaTeX ifthen package (DPC)
))
(/usr/share/texlive/texmf-dist/tex/latex/cite/cite.sty
LaTeX Info: Redefining \cite on input line 302.
LaTeX Info: Redefining \nocite on input line 332.
Package: cite 2015/02/27  v 5.5
)
(/usr/share/texlive/texmf-dist/tex/generic/pgf/frontendlayer/tikz/libraries/tik
zlibrarycalc.code.tex
File: tikzlibrarycalc.code.tex 2020/01/08 v3.1.5b (3.1.5b)
)
(/usr/share/texlive/texmf-dist/tex/generic/pgf/frontendlayer/tikz/libraries/tik
zlibraryshapes.multipart.code.tex
File: tikzlibraryshapes.multipart.code.tex 2020/01/08 v3.1.5b (3.1.5b)

(/usr/share/texlive/texmf-dist/tex/generic/pgf/libraries/shapes/pgflibraryshape
s.multipart.code.tex
File: pgflibraryshapes.multipart.code.tex 2020/01/08 v3.1.5b (3.1.5b)
\pgfnodepartlowerbox=\box58
\pgfnodeparttwobox=\box59
\pgfnodepartthreebox=\box60
\pgfnodepartfourbox=\box61
\pgfnodeparttwentybox=\box62
\pgfnodepartnineteenbox=\box63
\pgfnodeparteighteenbox=\box64
\pgfnodepartseventeenbox=\box65
\pgfnodepartsixteenbox=\box66
\pgfnodepartfifteenbox=\box67
\pgfnodepartfourteenbox=\box68
\pgfnodepartthirteenbox=\box69
\pgfnodeparttwelvebox=\box70
\pgfnodepartelevenbox=\box71
\pgfnodeparttenbox=\box72
\pgfnodepartninebox=\box73
\pgfnodeparteightbox=\box74
\pgfnodepartsevenbox=\box75
\pgfnodepartsixbox=\box76
\pgfnodepartfivebox=\box77
))
\picturewidth=\skip49
)
(/usr/share/texlive/texmf-dist/tex/latex/placeins/placeins.sty
Package: placeins 2005/04/18  v 2.2
)
(/usr/share/texlive/texmf-dist/tex/latex/amsmath/amsmath.sty
Package: amsmath 2020/01/20 v2.17e AMS math features
\@mathmargin=\skip50

For additional information on amsmath, use the `?' option.
(/usr/share/texlive/texmf-dist/tex/latex/amsmath/amstext.sty
Package: amstext 2000/06/29 v2.01 AMS text

(/usr/share/texlive/texmf-dist/tex/latex/amsmath/amsgen.sty
File: amsgen.sty 1999/11/30 v2.0 generic functions
\@emptytoks=\toks32
\ex@=\dimen196
))
(/usr/share/texlive/texmf-dist/tex/latex/amsmath/amsbsy.sty
Package: amsbsy 1999/11/29 v1.2d Bold Symbols
\pmbraise@=\dimen197
)
(/usr/share/texlive/texmf-dist/tex/latex/amsmath/amsopn.sty
Package: amsopn 2016/03/08 v2.02 operator names
)
\inf@bad=\count268
LaTeX Info: Redefining \frac on input line 227.
\uproot@=\count269
\leftroot@=\count270
LaTeX Info: Redefining \overline on input line 389.
\classnum@=\count271
\DOTSCASE@=\count272
LaTeX Info: Redefining \ldots on input line 486.
LaTeX Info: Redefining \dots on input line 489.
LaTeX Info: Redefining \cdots on input line 610.
\Mathstrutbox@=\box78
\strutbox@=\box79
\big@size=\dimen198
LaTeX Font Info:    Redeclaring font encoding OML on input line 733.
LaTeX Font Info:    Redeclaring font encoding OMS on input line 734.
\macc@depth=\count273
\c@MaxMatrixCols=\count274
\dotsspace@=\muskip16
\c@parentequation=\count275
\dspbrk@lvl=\count276
\tag@help=\toks33
\row@=\count277
\column@=\count278
\maxfields@=\count279
\andhelp@=\toks34
\eqnshift@=\dimen199
\alignsep@=\dimen256
\tagshift@=\dimen257
\tagwidth@=\dimen258
\totwidth@=\dimen259
\lineht@=\dimen260
\@envbody=\toks35
\multlinegap=\skip51
\multlinetaggap=\skip52
\mathdisplay@stack=\toks36
LaTeX Info: Redefining \[ on input line 2859.
LaTeX Info: Redefining \] on input line 2860.
)
(/usr/share/texlive/texmf-dist/tex/latex/amscls/amsthm.sty
Package: amsthm 2017/10/31 v2.20.4
\thm@style=\toks37
\thm@bodyfont=\toks38
\thm@headfont=\toks39
\thm@notefont=\toks40
\thm@headpunct=\toks41
\thm@preskip=\skip53
\thm@postskip=\skip54
\thm@headsep=\skip55
\dth@everypar=\toks42
)
(/usr/share/texlive/texmf-dist/tex/latex/mathtools/mathtools.sty
Package: mathtools 2020/03/24 v1.24 mathematical typesetting tools

(/usr/share/texlive/texmf-dist/tex/latex/tools/calc.sty
Package: calc 2017/05/25 v4.3 Infix arithmetic (KKT,FJ)
\calc@Acount=\count280
\calc@Bcount=\count281
\calc@Adimen=\dimen261
\calc@Bdimen=\dimen262
\calc@Askip=\skip56
\calc@Bskip=\skip57
LaTeX Info: Redefining \setlength on input line 80.
LaTeX Info: Redefining \addtolength on input line 81.
\calc@Ccount=\count282
\calc@Cskip=\skip58
)
(/usr/share/texlive/texmf-dist/tex/latex/mathtools/mhsetup.sty
Package: mhsetup 2017/03/31 v1.3 programming setup (MH)
)
LaTeX Info: Thecontrolsequence`\('isalreadyrobust on input line 130.
LaTeX Info: Thecontrolsequence`\)'isalreadyrobust on input line 130.
LaTeX Info: Thecontrolsequence`\['isalreadyrobust on input line 130.
LaTeX Info: Thecontrolsequence`\]'isalreadyrobust on input line 130.
\g_MT_multlinerow_int=\count283
\l_MT_multwidth_dim=\dimen263
\origjot=\skip59
\l_MT_shortvdotswithinadjustabove_dim=\dimen264
\l_MT_shortvdotswithinadjustbelow_dim=\dimen265
\l_MT_above_intertext_sep=\dimen266
\l_MT_below_intertext_sep=\dimen267
\l_MT_above_shortintertext_sep=\dimen268
\l_MT_below_shortintertext_sep=\dimen269
\xmathstrut@box=\box80
\xmathstrut@dim=\dimen270
)
(/usr/share/texlive/texmf-dist/tex/latex/tcolorbox/tcolorbox.sty
Package: tcolorbox 2020/04/28 version 4.30 text color boxes

(/usr/share/texlive/texmf-dist/tex/latex/tools/verbatim.sty
Package: verbatim 2019/11/10 v1.5r LaTeX2e package for verbatim enhancements
\every@verbatim=\toks43
\verbatim@line=\toks44
\verbatim@in@stream=\read4
)
(/usr/share/texlive/texmf-dist/tex/latex/environ/environ.sty
Package: environ 2014/05/04 v0.3 A new way to define environments

(/usr/share/texlive/texmf-dist/tex/latex/trimspaces/trimspaces.sty
Package: trimspaces 2009/09/17 v1.1 Trim spaces around a token list
))
(/usr/share/texlive/texmf-dist/tex/latex/etoolbox/etoolbox.sty
Package: etoolbox 2019/09/21 v2.5h e-TeX tools for LaTeX (JAW)
\etb@tempcnta=\count284
)
\tcb@titlebox=\box81
\tcb@upperbox=\box82
\tcb@lowerbox=\box83
\tcb@phantombox=\box84
\c@tcbbreakpart=\count285
\c@tcblayer=\count286
\c@tcolorbox@number=\count287
\tcb@temp=\box85
\tcb@temp=\box86
\tcb@temp=\box87
\tcb@temp=\box88
\tcb@out=\write4
\tcb@record@out=\write5

(/usr/share/texlive/texmf-dist/tex/latex/tcolorbox/tcbbreakable.code.tex
Library (tcolorbox): 'tcbbreakable.code.tex' version '4.30'
\tcb@testbox=\box89
\tcb@totalupperbox=\box90
\tcb@totallowerbox=\box91
)) (/usr/share/texlive/texmf-dist/tex/latex/parskip/parskip.sty
Package: parskip 2020-01-22 v2.0d non-zero parskip adjustments

(/usr/share/texlive/texmf-dist/tex/latex/kvoptions/kvoptions.sty
Package: kvoptions 2019/11/29 v3.13 Key value format for package options (HO)

(/usr/share/texlive/texmf-dist/tex/generic/ltxcmds/ltxcmds.sty
Package: ltxcmds 2019/12/15 v1.24 LaTeX kernel commands for general use (HO)
)
(/usr/share/texlive/texmf-dist/tex/generic/kvsetkeys/kvsetkeys.sty
Package: kvsetkeys 2019/12/15 v1.18 Key value parser (HO)
)))
(/usr/share/texlive/texmf-dist/tex/latex/base/fontenc.sty
Package: fontenc 2020/02/11 v2.0o Standard LaTeX package
)
(/usr/share/texlive/texmf-dist/tex/latex/psnfss/mathpazo.sty
Package: mathpazo 2020/03/25 PSNFSS-v9.3 Palatino w/ Pazo Math (D.Puga, WaS) 
\symupright=\mathgroup4
)
(/usr/share/texlive/texmf-dist/tex/latex/float/float.sty
Package: float 2001/11/08 v1.3d Float enhancements (AL)
\c@float@type=\count288
\float@exts=\toks45
\float@box=\box92
\@float@everytoks=\toks46
\@floatcapt=\box93
)
(/usr/share/texlive/texmf-dist/tex/latex/tools/enumerate.sty
Package: enumerate 2015/07/23 v3.00 enumerate extensions (DPC)
\@enLab=\toks47
)
(/usr/share/texlive/texmf-dist/tex/latex/amsfonts/amssymb.sty
Package: amssymb 2013/01/14 v3.01 AMS font symbols

(/usr/share/texlive/texmf-dist/tex/latex/amsfonts/amsfonts.sty
Package: amsfonts 2013/01/14 v3.01 Basic AMSFonts support
\symAMSa=\mathgroup5
\symAMSb=\mathgroup6
LaTeX Font Info:    Redeclaring math symbol \hbar on input line 98.
LaTeX Font Info:    Overwriting math alphabet `\mathfrak' in version `bold'
(Font)                  U/euf/m/n --> U/euf/b/n on input line 106.
))
(/usr/share/texlive/texmf-dist/tex/latex/base/textcomp.sty
Package: textcomp 2020/02/02 v2.0n Standard LaTeX package
)
(/usr/share/texlive/texmf-dist/tex/latex/upquote/upquote.sty
Package: upquote 2012/04/19 v1.3 upright-quote and grave-accent glyphs in verba
tim
)
(/usr/share/texlive/texmf-dist/tex/latex/eurosym/eurosym.sty
Package: eurosym 1998/08/06 v1.1 European currency symbol ``Euro''
\@eurobox=\box94
)
(/usr/share/texlive/texmf-dist/tex/latex/ucs/ucs.sty
Package: ucs 2013/05/11 v2.2 UCS: Unicode input support

(/usr/share/texlive/texmf-dist/tex/latex/ucs/data/uni-global.def
File: uni-global.def 2013/05/13 UCS: Unicode global data
)
\uc@secondtry=\count289
\uc@combtoks=\toks48
\uc@combtoksb=\toks49
\uc@temptokena=\toks50
)
(/usr/share/texlive/texmf-dist/tex/latex/fancyvrb/fancyvrb.sty
Package: fancyvrb 2020/01/13 v3.5 verbatim text (tvz,hv)
\FV@CodeLineNo=\count290
\FV@InFile=\read5
\FV@TabBox=\box95
\c@FancyVerbLine=\count291
\FV@StepNumber=\count292
\FV@OutFile=\write6
)
(/usr/share/texlive/texmf-dist/tex/latex/grffile/grffile.sty
Package: grffile 2019/11/11 v2.1 Extended file name support for graphics (legac
y)
Package grffile Info: This package is an empty stub for compatibility on input 
line 40.
)
(/usr/share/texlive/texmf-dist/tex/latex/adjustbox/adjustbox.sty
Package: adjustbox 2019/01/04 v1.2 Adjusting TeX boxes (trim, clip, ...)

(/usr/share/texlive/texmf-dist/tex/latex/xkeyval/xkeyval.sty
Package: xkeyval 2014/12/03 v2.7a package option processing (HA)

(/usr/share/texlive/texmf-dist/tex/generic/xkeyval/xkeyval.tex
(/usr/share/texlive/texmf-dist/tex/generic/xkeyval/xkvutils.tex
\XKV@toks=\toks51
\XKV@tempa@toks=\toks52
)
\XKV@depth=\count293
File: xkeyval.tex 2014/12/03 v2.7a key=value parser (HA)
))
(/usr/share/texlive/texmf-dist/tex/latex/adjustbox/adjcalc.sty
Package: adjcalc 2012/05/16 v1.1 Provides advanced setlength with multiple back
-ends (calc, etex, pgfmath)
)
(/usr/share/texlive/texmf-dist/tex/latex/adjustbox/trimclip.sty
Package: trimclip 2018/04/08 v1.1 Trim and clip general TeX material

(/usr/share/texlive/texmf-dist/tex/latex/collectbox/collectbox.sty
Package: collectbox 2012/05/17 v0.4b Collect macro arguments as boxes
\collectedbox=\box96
)
\tc@llx=\dimen271
\tc@lly=\dimen272
\tc@urx=\dimen273
\tc@ury=\dimen274
Package trimclip Info: Using driver 'tc-pdftex.def'.

(/usr/share/texlive/texmf-dist/tex/latex/adjustbox/tc-pdftex.def
File: tc-pdftex.def 2019/01/04 v2.2 Clipping driver for pdftex
))
\adjbox@Width=\dimen275
\adjbox@Height=\dimen276
\adjbox@Depth=\dimen277
\adjbox@Totalheight=\dimen278
\adjbox@pwidth=\dimen279
\adjbox@pheight=\dimen280
\adjbox@pdepth=\dimen281
\adjbox@ptotalheight=\dimen282

(/usr/share/texlive/texmf-dist/tex/latex/ifoddpage/ifoddpage.sty
Package: ifoddpage 2016/04/23 v1.1 Conditionals for odd/even page detection
\c@checkoddpage=\count294
)
(/usr/share/texlive/texmf-dist/tex/latex/varwidth/varwidth.sty
Package: varwidth 2009/03/30 ver 0.92;  Variable-width minipages
\@vwid@box=\box97
\sift@deathcycles=\count295
\@vwid@loff=\dimen283
\@vwid@roff=\dimen284
))
(/usr/share/texlive/texmf-dist/tex/latex/hyperref/hyperref.sty
Package: hyperref 2020/01/14 v7.00d Hypertext links for LaTeX

(/usr/share/texlive/texmf-dist/tex/latex/pdftexcmds/pdftexcmds.sty
Package: pdftexcmds 2019/11/24 v0.31 Utility functions of pdfTeX for LuaTeX (HO
)

(/usr/share/texlive/texmf-dist/tex/generic/infwarerr/infwarerr.sty
Package: infwarerr 2019/12/03 v1.5 Providing info/warning/error messages (HO)
)
Package pdftexcmds Info: \pdf@primitive is available.
Package pdftexcmds Info: \pdf@ifprimitive is available.
Package pdftexcmds Info: \pdfdraftmode found.
)
(/usr/share/texlive/texmf-dist/tex/generic/kvdefinekeys/kvdefinekeys.sty
Package: kvdefinekeys 2019-12-19 v1.6 Define keys (HO)
)
(/usr/share/texlive/texmf-dist/tex/generic/pdfescape/pdfescape.sty
Package: pdfescape 2019/12/09 v1.15 Implements pdfTeX's escape features (HO)
)
(/usr/share/texlive/texmf-dist/tex/latex/hycolor/hycolor.sty
Package: hycolor 2020-01-27 v1.10 Color options for hyperref/bookmark (HO)
)
(/usr/share/texlive/texmf-dist/tex/latex/letltxmacro/letltxmacro.sty
Package: letltxmacro 2019/12/03 v1.6 Let assignment for LaTeX macros (HO)
)
(/usr/share/texlive/texmf-dist/tex/latex/auxhook/auxhook.sty
Package: auxhook 2019-12-17 v1.6 Hooks for auxiliary files (HO)
)
\@linkdim=\dimen285
\Hy@linkcounter=\count296
\Hy@pagecounter=\count297

(/usr/share/texlive/texmf-dist/tex/latex/hyperref/pd1enc.def
File: pd1enc.def 2020/01/14 v7.00d Hyperref: PDFDocEncoding definition (HO)
Now handling font encoding PD1 ...
... no UTF-8 mapping file for font encoding PD1
)
(/usr/share/texlive/texmf-dist/tex/generic/intcalc/intcalc.sty
Package: intcalc 2019/12/15 v1.3 Expandable calculations with integers (HO)
)
(/usr/share/texlive/texmf-dist/tex/generic/etexcmds/etexcmds.sty
Package: etexcmds 2019/12/15 v1.7 Avoid name clashes with e-TeX commands (HO)
)
\Hy@SavedSpaceFactor=\count298
Package hyperref Info: Hyper figures OFF on input line 4547.
Package hyperref Info: Link nesting OFF on input line 4552.
Package hyperref Info: Hyper index ON on input line 4555.
Package hyperref Info: Plain pages OFF on input line 4562.
Package hyperref Info: Backreferencing OFF on input line 4567.
Package hyperref Info: Implicit mode ON; LaTeX internals redefined.
Package hyperref Info: Bookmarks ON on input line 4800.
\c@Hy@tempcnt=\count299

(/usr/share/texlive/texmf-dist/tex/latex/url/url.sty
\Urlmuskip=\muskip17
Package: url 2013/09/16  ver 3.4  Verb mode for urls, etc.
)
LaTeX Info: Redefining \url on input line 5159.
\XeTeXLinkMargin=\dimen286

(/usr/share/texlive/texmf-dist/tex/generic/bitset/bitset.sty
Package: bitset 2019/12/09 v1.3 Handle bit-vector datatype (HO)

(/usr/share/texlive/texmf-dist/tex/generic/bigintcalc/bigintcalc.sty
Package: bigintcalc 2019/12/15 v1.5 Expandable calculations on big integers (HO
)
))
\Fld@menulength=\count300
\Field@Width=\dimen287
\Fld@charsize=\dimen288
Package hyperref Info: Hyper figures OFF on input line 6430.
Package hyperref Info: Link nesting OFF on input line 6435.
Package hyperref Info: Hyper index ON on input line 6438.
Package hyperref Info: backreferencing OFF on input line 6445.
Package hyperref Info: Link coloring OFF on input line 6450.
Package hyperref Info: Link coloring with OCG OFF on input line 6455.
Package hyperref Info: PDF/A mode OFF on input line 6460.
LaTeX Info: Redefining \ref on input line 6500.
LaTeX Info: Redefining \pageref on input line 6504.

(/usr/share/texlive/texmf-dist/tex/generic/atbegshi/atbegshi.sty
Package: atbegshi 2019/12/05 v1.19 At begin shipout hook (HO)
)
\Hy@abspage=\count301
\c@Item=\count302
\c@Hfootnote=\count303
)
Package hyperref Info: Driver (autodetected): hpdftex.

(/usr/share/texlive/texmf-dist/tex/latex/hyperref/hpdftex.def
File: hpdftex.def 2020/01/14 v7.00d Hyperref driver for pdfTeX

(/usr/share/texlive/texmf-dist/tex/latex/atveryend/atveryend.sty
Package: atveryend 2019-12-11 v1.11 Hooks at the very end of document (HO)
Package atveryend Info: \AP@enddocument detected (standard20110627).
)
\Fld@listcount=\count304
\c@bookmark@seq@number=\count305

(/usr/share/texlive/texmf-dist/tex/latex/rerunfilecheck/rerunfilecheck.sty
Package: rerunfilecheck 2019/12/05 v1.9 Rerun checks for auxiliary files (HO)

(/usr/share/texlive/texmf-dist/tex/generic/uniquecounter/uniquecounter.sty
Package: uniquecounter 2019/12/15 v1.4 Provide unlimited unique counter (HO)
)
Package uniquecounter Info: New unique counter `rerunfilecheck' on input line 2
86.
)
\Hy@SectionHShift=\skip60
)
(/usr/share/texlive/texmf-dist/tex/latex/titling/titling.sty
Package: titling 2009/09/04 v2.1d maketitle typesetting
\thanksmarkwidth=\skip61
\thanksmargin=\skip62
\droptitle=\skip63
)
(/usr/share/texlive/texmf-dist/tex/latex/tools/longtable.sty
Package: longtable 2020/01/07 v4.13 Multi-page Table package (DPC)
\LTleft=\skip64
\LTright=\skip65
\LTpre=\skip66
\LTpost=\skip67
\LTchunksize=\count306
\LTcapwidth=\dimen289
\LT@head=\box98
\LT@firsthead=\box99
\LT@foot=\box100
\LT@lastfoot=\box101
\LT@cols=\count307
\LT@rows=\count308
\c@LT@tables=\count309
\c@LT@chunks=\count310
\LT@p@ftn=\toks53
)
(/usr/share/texlive/texmf-dist/tex/latex/booktabs/booktabs.sty
Package: booktabs 2020/01/12 v1.61803398 Publication quality tables
\heavyrulewidth=\dimen290
\lightrulewidth=\dimen291
\cmidrulewidth=\dimen292
\belowrulesep=\dimen293
\belowbottomsep=\dimen294
\aboverulesep=\dimen295
\abovetopsep=\dimen296
\cmidrulesep=\dimen297
\cmidrulekern=\dimen298
\defaultaddspace=\dimen299
\@cmidla=\count311
\@cmidlb=\count312
\@aboverulesep=\dimen300
\@belowrulesep=\dimen301
\@thisruleclass=\count313
\@lastruleclass=\count314
\@thisrulewidth=\dimen302
)
(/usr/share/texlive/texmf-dist/tex/latex/enumitem/enumitem.sty
Package: enumitem 2019/06/20 v3.9 Customized lists
\labelindent=\skip68
\enit@outerparindent=\dimen303
\enit@toks=\toks54
\enit@inbox=\box102
\enit@count@id=\count315
\enitdp@description=\count316
)
(/usr/share/texlive/texmf-dist/tex/generic/ulem/ulem.sty
\UL@box=\box103
\UL@hyphenbox=\box104
\UL@skip=\skip69
\UL@hook=\toks55
\UL@height=\dimen304
\UL@pe=\count317
\UL@pixel=\dimen305
\ULC@box=\box105
Package: ulem 2019/11/18
\ULdepth=\dimen306
)
(/usr/share/texlive/texmf-dist/tex/latex/jknapltx/mathrsfs.sty
Package: mathrsfs 1996/01/01 Math RSFS package v1.0 (jk)
\symrsfs=\mathgroup7
)
\Wrappedcontinuationbox=\box106
\Wrappedvisiblespacebox=\box107
Package hyperref Info: Option `breaklinks' set `true' on input line 371.
Package hyperref Info: Option `colorlinks' set `true' on input line 371.

(/usr/share/texlive/texmf-dist/tex/latex/l3backend/l3backend-pdfmode.def
File: l3backend-pdfmode.def 2020-03-12 L3 backend support: PDF mode
\l__kernel_color_stack_int=\count318
\l__pdf_internal_box=\box108
)
(./Ornek_tez_Bahar.aux)
\openout1 = `Ornek_tez_Bahar.aux'.

LaTeX Font Info:    Checking defaults for OML/cmm/m/it on input line 391.
LaTeX Font Info:    ... okay on input line 391.
LaTeX Font Info:    Checking defaults for OMS/cmsy/m/n on input line 391.
LaTeX Font Info:    ... okay on input line 391.
LaTeX Font Info:    Checking defaults for OT1/cmr/m/n on input line 391.
LaTeX Font Info:    ... okay on input line 391.
LaTeX Font Info:    Checking defaults for T1/cmr/m/n on input line 391.
LaTeX Font Info:    ... okay on input line 391.
LaTeX Font Info:    Checking defaults for TS1/cmr/m/n on input line 391.
LaTeX Font Info:    ... okay on input line 391.
LaTeX Font Info:    Checking defaults for OMX/cmex/m/n on input line 391.
LaTeX Font Info:    ... okay on input line 391.
LaTeX Font Info:    Checking defaults for U/cmr/m/n on input line 391.
LaTeX Font Info:    ... okay on input line 391.
LaTeX Font Info:    Checking defaults for PD1/pdf/m/n on input line 391.
LaTeX Font Info:    ... okay on input line 391.
LaTeX Font Info:    Trying to load font information for T1+ppl on input line 39
1.

(/usr/share/texlive/texmf-dist/tex/latex/psnfss/t1ppl.fd
File: t1ppl.fd 2001/06/04 font definitions for T1/ppl.
)
(/usr/share/texlive/texmf-dist/tex/context/base/mkii/supp-pdf.mkii
[Loading MPS to PDF converter (version 2006.09.02).]
\scratchcounter=\count319
\scratchdimen=\dimen307
\scratchbox=\box109
\nofMPsegments=\count320
\nofMParguments=\count321
\everyMPshowfont=\toks56
\MPscratchCnt=\count322
\MPscratchDim=\dimen308
\MPnumerator=\count323
\makeMPintoPDFobject=\count324
\everyMPtoPDFconversion=\toks57
) (/usr/share/texlive/texmf-dist/tex/latex/epstopdf-pkg/epstopdf-base.sty
Package: epstopdf-base 2020-01-24 v2.11 Base part for package epstopdf
Package epstopdf-base Info: Redefining graphics rule for `.eps' on input line 4
85.

(/usr/share/texlive/texmf-dist/tex/latex/latexconfig/epstopdf-sys.cfg
File: epstopdf-sys.cfg 2010/07/13 v1.3 Configuration of (r)epstopdf for TeX Liv
e
))
*geometry* driver: auto-detecting
*geometry* detected driver: pdftex
*geometry* verbose mode - [ preamble ] result:
* driver: pdftex
* paper: <default>
* layout: <same size as paper>
* layoutoffset:(h,v)=(0.0pt,0.0pt)
* modes: 
* h-part:(L,W,R)=(72.26999pt, 452.9679pt, 72.26999pt)
* v-part:(T,H,B)=(72.26999pt, 700.50687pt, 72.26999pt)
* \paperwidth=597.50787pt
* \paperheight=845.04684pt
* \textwidth=452.9679pt
* \textheight=700.50687pt
* \oddsidemargin=0.0pt
* \evensidemargin=0.0pt
* \topmargin=-37.0pt
* \headheight=12.0pt
* \headsep=25.0pt
* \topskip=11.0pt
* \footskip=30.0pt
* \marginparwidth=50.0pt
* \marginparsep=10.0pt
* \columnsep=10.0pt
* \skip\footins=10.0pt plus 4.0pt minus 2.0pt
* \hoffset=0.0pt
* \voffset=0.0pt
* \mag=1000
* \@twocolumnfalse
* \@twosidefalse
* \@mparswitchfalse
* \@reversemarginfalse
* (1in=72.27pt=25.4mm, 1cm=28.453pt)

ABD: EveryShipout initializing macros
<Deu.jpg, id=4, 292.4526pt x 269.5671pt>
File: Deu.jpg Graphic file (type jpg)
<use Deu.jpg>
Package pdftex.def Info: Deu.jpg  used on input line 391.
(pdftex.def)             Requested size: 292.45189pt x 269.56644pt.
<Muh.jpg, id=5, 154.176pt x 144.54pt>
File: Muh.jpg Graphic file (type jpg)
<use Muh.jpg>
Package pdftex.def Info: Muh.jpg  used on input line 391.
(pdftex.def)             Requested size: 154.1756pt x 144.53963pt.
 [0

{/usr/share/texlive/texmf-dist/fonts/map/pdftex/updmap/pdftex.map} <./Deu.jpg> 
<./Muh.jpg>]
Underfull \hbox (badness 10000) in paragraph at lines 391--391

 []

LaTeX Font Info:    Trying to load font information for OT1+ppl on input line 3
91.
(/usr/share/texlive/texmf-dist/tex/latex/psnfss/ot1ppl.fd
File: ot1ppl.fd 2001/06/04 font definitions for OT1/ppl.
)
LaTeX Font Info:    Trying to load font information for OML+zplm on input line 
391.

(/usr/share/texlive/texmf-dist/tex/latex/psnfss/omlzplm.fd
File: omlzplm.fd 2002/09/08 Fontinst v1.914 font definitions for OML/zplm.
)
LaTeX Font Info:    Trying to load font information for OMS+zplm on input line 
391.

(/usr/share/texlive/texmf-dist/tex/latex/psnfss/omszplm.fd
File: omszplm.fd 2002/09/08 Fontinst v1.914 font definitions for OMS/zplm.
)
LaTeX Font Info:    Trying to load font information for OMX+zplm on input line 
391.

(/usr/share/texlive/texmf-dist/tex/latex/psnfss/omxzplm.fd
File: omxzplm.fd 2002/09/08 Fontinst v1.914 font definitions for OMX/zplm.
)
LaTeX Font Info:    Trying to load font information for OT1+zplm on input line 
391.

(/usr/share/texlive/texmf-dist/tex/latex/psnfss/ot1zplm.fd
File: ot1zplm.fd 2002/09/08 Fontinst v1.914 font definitions for OT1/zplm.
)
LaTeX Font Info:    Trying to load font information for U+msa on input line 391
.

(/usr/share/texlive/texmf-dist/tex/latex/amsfonts/umsa.fd
File: umsa.fd 2013/01/14 v3.01 AMS symbols A
)
LaTeX Font Info:    Trying to load font information for U+msb on input line 391
.

(/usr/share/texlive/texmf-dist/tex/latex/amsfonts/umsb.fd
File: umsb.fd 2013/01/14 v3.01 AMS symbols B
)
LaTeX Font Info:    Trying to load font information for U+rsfs on input line 39
1.

(/usr/share/texlive/texmf-dist/tex/latex/jknapltx/ursfs.fd
File: ursfs.fd 1998/03/24 rsfs font definition file (jk)
)
File: Deu.jpg Graphic file (type jpg)
<use Deu.jpg>
Package pdftex.def Info: Deu.jpg  used on input line 391.
(pdftex.def)             Requested size: 292.45189pt x 269.56644pt.
 [0]
(/usr/share/texlive/texmf-dist/tex/latex/ucs/ucsencs.def
File: ucsencs.def 2011/01/21 Fixes to fontencodings LGR, T3
)
\AtBeginShipoutBox=\box110
Package hyperref Info: Link coloring ON on input line 391.

(/usr/share/texlive/texmf-dist/tex/latex/hyperref/nameref.sty
Package: nameref 2019/09/16 v2.46 Cross-referencing by name of section

(/usr/share/texlive/texmf-dist/tex/latex/refcount/refcount.sty
Package: refcount 2019/12/15 v3.6 Data extraction from label references (HO)
)
(/usr/share/texlive/texmf-dist/tex/generic/gettitlestring/gettitlestring.sty
Package: gettitlestring 2019/12/15 v1.6 Cleanup title references (HO)
)
\c@section@level=\count325
)
LaTeX Info: Redefining \ref on input line 391.
LaTeX Info: Redefining \pageref on input line 391.
LaTeX Info: Redefining \nameref on input line 391.

(./Ornek_tez_Bahar.out) (./Ornek_tez_Bahar.out)
\@outlinefile=\write7
\openout7 = `Ornek_tez_Bahar.out'.

File: Deu.jpg Graphic file (type jpg)
<use Deu.jpg>
Package pdftex.def Info: Deu.jpg  used on input line 410.
(pdftex.def)             Requested size: 292.45189pt x 269.56644pt.
 [1]
File: Deu.jpg Graphic file (type jpg)
<use Deu.jpg>
Package pdftex.def Info: Deu.jpg  used on input line 432.
(pdftex.def)             Requested size: 292.45189pt x 269.56644pt.
 [2] (./Ornek_tez_Bahar.toc
LaTeX Font Info:    Font shape `U/msa/m/n' will be
(Font)              scaled to size 11.40997pt on input line 11.
LaTeX Font Info:    Font shape `U/msa/m/n' will be
(Font)              scaled to size 6.25204pt on input line 11.
LaTeX Font Info:    Font shape `U/msb/m/n' will be
(Font)              scaled to size 11.40997pt on input line 11.
LaTeX Font Info:    Font shape `U/msb/m/n' will be
(Font)              scaled to size 6.25204pt on input line 11.
File: Deu.jpg Graphic file (type jpg)
<use Deu.jpg>
Package pdftex.def Info: Deu.jpg  used on input line 72.
(pdftex.def)             Requested size: 292.45189pt x 269.56644pt.

[3

])
\tf@toc=\write8
\openout8 = `Ornek_tez_Bahar.toc'.

File: Deu.jpg Graphic file (type jpg)
<use Deu.jpg>
Package pdftex.def Info: Deu.jpg  used on input line 432.
(pdftex.def)             Requested size: 292.45189pt x 269.56644pt.
 [4] (./Ornek_tez_Bahar.lot)
\tf@lot=\write9
\openout9 = `Ornek_tez_Bahar.lot'.

File: Deu.jpg Graphic file (type jpg)
<use Deu.jpg>
Package pdftex.def Info: Deu.jpg  used on input line 433.
(pdftex.def)             Requested size: 292.45189pt x 269.56644pt.
 [5


] (./Ornek_tez_Bahar.lof)
\tf@lof=\write10
\openout10 = `Ornek_tez_Bahar.lof'.

File: Deu.jpg Graphic file (type jpg)
<use Deu.jpg>
Package pdftex.def Info: Deu.jpg  used on input line 434.
(pdftex.def)             Requested size: 292.45189pt x 269.56644pt.
 [6


]
Chapter 1.
File: Deu.jpg Graphic file (type jpg)
<use Deu.jpg>
Package pdftex.def Info: Deu.jpg  used on input line 441.
(pdftex.def)             Requested size: 292.45189pt x 269.56644pt.
[1


]
Chapter 2.
</home/rabikkk/Pictures/images/cnn_model.jpg, id=328, 432.04892pt x 214.45337pt
>
File: /home/rabikkk/Pictures/images/cnn_model.jpg Graphic file (type jpg)
<use /home/rabikkk/Pictures/images/cnn_model.jpg>
Package pdftex.def Info: /home/rabikkk/Pictures/images/cnn_model.jpg  used on i
nput line 447.
(pdftex.def)             Requested size: 432.04787pt x 214.45284pt.
File: Deu.jpg Graphic file (type jpg)
<use Deu.jpg>
Package pdftex.def Info: Deu.jpg  used on input line 452.
(pdftex.def)             Requested size: 292.45189pt x 269.56644pt.
[2

 </home/rabikkk/Pictures/images/cnn_model.jpg>]
</home/rabikkk/Pictures/images/lenet.png, id=342, 1410.26875pt x 387.4475pt>
File: /home/rabikkk/Pictures/images/lenet.png Graphic file (type png)
<use /home/rabikkk/Pictures/images/lenet.png>
Package pdftex.def Info: /home/rabikkk/Pictures/images/lenet.png  used on input
 line 458.
(pdftex.def)             Requested size: 1410.26532pt x 387.44655pt.

Underfull \hbox (badness 10000) in paragraph at lines 464--465

 []


Underfull \hbox (badness 10000) in paragraph at lines 466--467

 []


Underfull \hbox (badness 10000) in paragraph at lines 467--468

 []


Underfull \hbox (badness 10000) in paragraph at lines 469--470

 []

File: Deu.jpg Graphic file (type jpg)
<use Deu.jpg>
Package pdftex.def Info: Deu.jpg  used on input line 470.
(pdftex.def)             Requested size: 292.45189pt x 269.56644pt.
[3 </home/rabikkk/Pictures/images/lenet.png>]
Underfull \hbox (badness 10000) in paragraph at lines 470--471

 []


Underfull \hbox (badness 10000) in paragraph at lines 472--473

 []


Underfull \hbox (badness 10000) in paragraph at lines 473--474

 []


Underfull \hbox (badness 10000) in paragraph at lines 475--476

 []


Underfull \hbox (badness 10000) in paragraph at lines 476--477

 []


Underfull \hbox (badness 10000) in paragraph at lines 478--479

 []


Underfull \hbox (badness 10000) in paragraph at lines 479--480

 []

File: Deu.jpg Graphic file (type jpg)
<use Deu.jpg>
Package pdftex.def Info: Deu.jpg  used on input line 480.
(pdftex.def)             Requested size: 292.45189pt x 269.56644pt.
[4]
Underfull \hbox (badness 10000) in paragraph at lines 481--482

 []


Underfull \hbox (badness 10000) in paragraph at lines 482--483

 []

File: Deu.jpg Graphic file (type jpg)
<use Deu.jpg>
Package pdftex.def Info: Deu.jpg  used on input line 489.
(pdftex.def)             Requested size: 292.45189pt x 269.56644pt.
[5]
Chapter 3.

Underfull \hbox (badness 10000) in paragraph at lines 491--495

 []

</home/rabikkk/Pictures/images/htpa.jpg, id=376, 602.25pt x 602.25pt>
File: /home/rabikkk/Pictures/images/htpa.jpg Graphic file (type jpg)
<use /home/rabikkk/Pictures/images/htpa.jpg>
Package pdftex.def Info: /home/rabikkk/Pictures/images/htpa.jpg  used on input 
line 498.
(pdftex.def)             Requested size: 602.24852pt x 602.24852pt.
</home/rabikkk/Pictures/images/htpasema.png, id=377, 744.7825pt x 435.6275pt>
File: /home/rabikkk/Pictures/images/htpasema.png Graphic file (type png)
<use /home/rabikkk/Pictures/images/htpasema.png>
Package pdftex.def Info: /home/rabikkk/Pictures/images/htpasema.png  used on in
put line 499.
(pdftex.def)             Requested size: 744.78069pt x 435.62643pt.

Overfull \hbox (14.42177pt too wide) in paragraph at lines 509--516
[][] 
 []

</home/rabikkk/Pictures/images/schematic.png, id=378, 660.4675pt x 293.095pt>
File: /home/rabikkk/Pictures/images/schematic.png Graphic file (type png)
<use /home/rabikkk/Pictures/images/schematic.png>
Package pdftex.def Info: /home/rabikkk/Pictures/images/schematic.png  used on i
nput line 523.
(pdftex.def)             Requested size: 660.46588pt x 293.09427pt.
</home/rabikkk/Pictures/images/pcb.png, id=379, 276.03125pt x 217.81375pt>
File: /home/rabikkk/Pictures/images/pcb.png Graphic file (type png)
<use /home/rabikkk/Pictures/images/pcb.png>
Package pdftex.def Info: /home/rabikkk/Pictures/images/pcb.png  used on input l
ine 525.
(pdftex.def)             Requested size: 276.03056pt x 217.8132pt.

LaTeX Warning: `!h' float specifier changed to `!ht'.

File: Deu.jpg Graphic file (type jpg)
<use Deu.jpg>
Package pdftex.def Info: Deu.jpg  used on input line 528.
(pdftex.def)             Requested size: 292.45189pt x 269.56644pt.
[6

 </home/rabikkk/Pictures/images/htpa.jpg> </home/rabikkk/Pictures/images/htpase
ma.png>]
</home/rabikkk/Pictures/images/mb.png, id=388, 940.51375pt x 264.99pt>
File: /home/rabikkk/Pictures/images/mb.png Graphic file (type png)
<use /home/rabikkk/Pictures/images/mb.png>
Package pdftex.def Info: /home/rabikkk/Pictures/images/mb.png  used on input li
ne 532.
(pdftex.def)             Requested size: 940.51146pt x 264.98935pt.
</home/rabikkk/Pictures/images/data1.png, id=390, 715.67375pt x 209.78375pt>
File: /home/rabikkk/Pictures/images/data1.png Graphic file (type png)
<use /home/rabikkk/Pictures/images/data1.png>
Package pdftex.def Info: /home/rabikkk/Pictures/images/data1.png  used on input
 line 559.
(pdftex.def)             Requested size: 715.672pt x 209.78322pt.
File: Deu.jpg Graphic file (type jpg)
<use Deu.jpg>
Package pdftex.def Info: Deu.jpg  used on input line 562.
(pdftex.def)             Requested size: 292.45189pt x 269.56644pt.
 [7 </home/rabikkk/Pictures/images/schematic.png> </home/rabikkk/Pictures/image
s/pcb.png> </home/rabikkk/Pictures/images/mb.png>]
</home/rabikkk/Pictures/images/close_test289.jpg, id=401, 32.12pt x 32.12pt>
File: /home/rabikkk/Pictures/images/close_test289.jpg Graphic file (type jpg)
<use /home/rabikkk/Pictures/images/close_test289.jpg>
Package pdftex.def Info: /home/rabikkk/Pictures/images/close_test289.jpg  used 
on input line 568.
(pdftex.def)             Requested size: 32.1199pt x 32.1199pt.
</home/rabikkk/Pictures/images/index_test179.jpg, id=402, 32.12pt x 32.12pt>
File: /home/rabikkk/Pictures/images/index_test179.jpg Graphic file (type jpg)
<use /home/rabikkk/Pictures/images/index_test179.jpg>
Package pdftex.def Info: /home/rabikkk/Pictures/images/index_test179.jpg  used 
on input line 569.
(pdftex.def)             Requested size: 32.1199pt x 32.1199pt.
</home/rabikkk/Pictures/images/last_test71.jpg, id=403, 32.12pt x 32.12pt>
File: /home/rabikkk/Pictures/images/last_test71.jpg Graphic file (type jpg)
<use /home/rabikkk/Pictures/images/last_test71.jpg>
Package pdftex.def Info: /home/rabikkk/Pictures/images/last_test71.jpg  used on
 input line 570.
(pdftex.def)             Requested size: 32.1199pt x 32.1199pt.
</home/rabikkk/Pictures/images/open_test_0_9826.png, id=404, 32.12pt x 32.12pt>

File: /home/rabikkk/Pictures/images/open_test_0_9826.png Graphic file (type png
)
<use /home/rabikkk/Pictures/images/open_test_0_9826.png>
Package pdftex.def Info: /home/rabikkk/Pictures/images/open_test_0_9826.png  us
ed on input line 571.
(pdftex.def)             Requested size: 32.1199pt x 32.1199pt.
File: Deu.jpg Graphic file (type jpg)
<use Deu.jpg>
Package pdftex.def Info: Deu.jpg  used on input line 576.
(pdftex.def)             Requested size: 292.45189pt x 269.56644pt.
 [8 </home/rabikkk/Pictures/images/data1.png> </home/rabikkk/Pictures/images/cl
ose_test289.jpg (PNG copy)> </home/rabikkk/Pictures/images/index_test179.jpg> <
/home/rabikkk/Pictures/images/last_test71.jpg> </home/rabikkk/Pictures/images/o
pen_test_0_9826.png (PNG copy)>]
Chapter 4.
</home/rabikkk/Pictures/images/framework.png, id=413, 824.07875pt x 81.30376pt>

File: /home/rabikkk/Pictures/images/framework.png Graphic file (type png)
<use /home/rabikkk/Pictures/images/framework.png>
Package pdftex.def Info: /home/rabikkk/Pictures/images/framework.png  used on i
nput line 581.
(pdftex.def)             Requested size: 824.07674pt x 81.30354pt.
</home/rabikkk/Pictures/images/raspi1.png, id=415, 498.86375pt x 192.72pt>
File: /home/rabikkk/Pictures/images/raspi1.png Graphic file (type png)
<use /home/rabikkk/Pictures/images/raspi1.png>
Package pdftex.def Info: /home/rabikkk/Pictures/images/raspi1.png  used on inpu
t line 593.
(pdftex.def)             Requested size: 498.86253pt x 192.71951pt.
File: Deu.jpg Graphic file (type jpg)
<use Deu.jpg>
Package pdftex.def Info: Deu.jpg  used on input line 616.
(pdftex.def)             Requested size: 292.45189pt x 269.56644pt.
[9

 </home/rabikkk/Pictures/images/framework.png> </home/rabikkk/Pictures/images/r
aspi1.png>]
</home/rabikkk/Pictures/images/4.img.jpg, id=430, 289.08pt x 289.08pt>
File: /home/rabikkk/Pictures/images/4.img.jpg Graphic file (type jpg)
<use /home/rabikkk/Pictures/images/4.img.jpg>
Package pdftex.def Info: /home/rabikkk/Pictures/images/4.img.jpg  used on input
 line 655.
(pdftex.def)             Requested size: 289.07928pt x 289.07928pt.
</home/rabikkk/Pictures/images/3.img.jpg, id=431, 24.09pt x 24.09pt>
File: /home/rabikkk/Pictures/images/3.img.jpg Graphic file (type jpg)
<use /home/rabikkk/Pictures/images/3.img.jpg>
Package pdftex.def Info: /home/rabikkk/Pictures/images/3.img.jpg  used on input
 line 656.
(pdftex.def)             Requested size: 24.08992pt x 24.08992pt.
File: Deu.jpg Graphic file (type jpg)
<use Deu.jpg>
Package pdftex.def Info: Deu.jpg  used on input line 666.
(pdftex.def)             Requested size: 292.45189pt x 269.56644pt.
 [10 </home/rabikkk/Pictures/images/4.img.jpg> </home/rabikkk/Pictures/images/3
.img.jpg>]
</home/rabikkk/Pictures/images/eeprom.png, id=438, 960.58875pt x 514.92375pt>
File: /home/rabikkk/Pictures/images/eeprom.png Graphic file (type png)
<use /home/rabikkk/Pictures/images/eeprom.png>
Package pdftex.def Info: /home/rabikkk/Pictures/images/eeprom.png  used on inpu
t line 673.
(pdftex.def)             Requested size: 960.5864pt x 514.92249pt.

Underfull \hbox (badness 10000) in paragraph at lines 677--710

 []

File: Deu.jpg Graphic file (type jpg)
<use Deu.jpg>
Package pdftex.def Info: Deu.jpg  used on input line 710.
(pdftex.def)             Requested size: 292.45189pt x 269.56644pt.
[11 </home/rabikkk/Pictures/images/eeprom.png>]
</home/rabikkk/Pictures/images/last_test58.png, id=453, 385.44pt x 385.44pt>
File: /home/rabikkk/Pictures/images/last_test58.png Graphic file (type png)
<use /home/rabikkk/Pictures/images/last_test58.png>
Package pdftex.def Info: /home/rabikkk/Pictures/images/last_test58.png  used on
 input line 715.
(pdftex.def)             Requested size: 385.43906pt x 385.43906pt.
</home/rabikkk/Pictures/images/last_test59.png, id=454, 385.44pt x 385.44pt>
File: /home/rabikkk/Pictures/images/last_test59.png Graphic file (type png)
<use /home/rabikkk/Pictures/images/last_test59.png>
Package pdftex.def Info: /home/rabikkk/Pictures/images/last_test59.png  used on
 input line 716.
(pdftex.def)             Requested size: 385.43906pt x 385.43906pt.
</home/rabikkk/Pictures/images/last_test60.png, id=455, 385.44pt x 385.44pt>
File: /home/rabikkk/Pictures/images/last_test60.png Graphic file (type png)
<use /home/rabikkk/Pictures/images/last_test60.png>
Package pdftex.def Info: /home/rabikkk/Pictures/images/last_test60.png  used on
 input line 717.
(pdftex.def)             Requested size: 385.43906pt x 385.43906pt.
File: Deu.jpg Graphic file (type jpg)
<use Deu.jpg>
Package pdftex.def Info: Deu.jpg  used on input line 722.
(pdftex.def)             Requested size: 292.45189pt x 269.56644pt.
 [12 </home/rabikkk/Pictures/images/last_test58.png (PNG copy)> </home/rabikkk/
Pictures/images/last_test59.png (PNG copy)> </home/rabikkk/Pictures/images/last
_test60.png (PNG copy)>]
</home/rabikkk/Pictures/images/rgb0.png, id=462, 385.44pt x 385.44pt>
File: /home/rabikkk/Pictures/images/rgb0.png Graphic file (type png)
<use /home/rabikkk/Pictures/images/rgb0.png>
Package pdftex.def Info: /home/rabikkk/Pictures/images/rgb0.png  used on input 
line 726.
(pdftex.def)             Requested size: 385.43906pt x 385.43906pt.
</home/rabikkk/Pictures/images/rgb1.png, id=463, 385.44pt x 385.44pt>
File: /home/rabikkk/Pictures/images/rgb1.png Graphic file (type png)
<use /home/rabikkk/Pictures/images/rgb1.png>
Package pdftex.def Info: /home/rabikkk/Pictures/images/rgb1.png  used on input 
line 727.
(pdftex.def)             Requested size: 385.43906pt x 385.43906pt.
</home/rabikkk/Pictures/images/rgb2.png, id=464, 385.44pt x 385.44pt>
File: /home/rabikkk/Pictures/images/rgb2.png Graphic file (type png)
<use /home/rabikkk/Pictures/images/rgb2.png>
Package pdftex.def Info: /home/rabikkk/Pictures/images/rgb2.png  used on input 
line 728.
(pdftex.def)             Requested size: 385.43906pt x 385.43906pt.
</home/rabikkk/Pictures/images/rgb3.png, id=465, 385.44pt x 385.44pt>
File: /home/rabikkk/Pictures/images/rgb3.png Graphic file (type png)
<use /home/rabikkk/Pictures/images/rgb3.png>
Package pdftex.def Info: /home/rabikkk/Pictures/images/rgb3.png  used on input 
line 729.
(pdftex.def)             Requested size: 385.43906pt x 385.43906pt.
</home/rabikkk/Pictures/images/tek2.png, id=466, 383.4325pt x 508.90125pt>
File: /home/rabikkk/Pictures/images/tek2.png Graphic file (type png)
<use /home/rabikkk/Pictures/images/tek2.png>
Package pdftex.def Info: /home/rabikkk/Pictures/images/tek2.png  used on input 
line 745.
(pdftex.def)             Requested size: 383.43156pt x 508.90001pt.
File: Deu.jpg Graphic file (type jpg)
<use Deu.jpg>
Package pdftex.def Info: Deu.jpg  used on input line 750.
(pdftex.def)             Requested size: 292.45189pt x 269.56644pt.

[13 </home/rabikkk/Pictures/images/rgb0.png (PNG copy)> </home/rabikkk/Pictures
/images/rgb1.png (PNG copy)> </home/rabikkk/Pictures/images/rgb2.png (PNG copy)
> </home/rabikkk/Pictures/images/rgb3.png (PNG copy)> </home/rabikkk/Pictures/i
mages/tek2.png>]
</home/rabikkk/Pictures/images/cnn.png, id=479, 993.7125pt x 201.75375pt>
File: /home/rabikkk/Pictures/images/cnn.png Graphic file (type png)
<use /home/rabikkk/Pictures/images/cnn.png>
Package pdftex.def Info: /home/rabikkk/Pictures/images/cnn.png  used on input l
ine 758.
(pdftex.def)             Requested size: 993.71007pt x 201.75325pt.


LaTeX Warning: `!h' float specifier changed to `!ht'.

File: Deu.jpg Graphic file (type jpg)
<use Deu.jpg>
Package pdftex.def Info: Deu.jpg  used on input line 799.
(pdftex.def)             Requested size: 292.45189pt x 269.56644pt.
[14 </home/rabikkk/Pictures/images/cnn.png>]
</home/rabikkk/Pictures/images/learning_8_0.png, id=490, 373.395pt x 264.99pt>
File: /home/rabikkk/Pictures/images/learning_8_0.png Graphic file (type png)
<use /home/rabikkk/Pictures/images/learning_8_0.png>
Package pdftex.def Info: /home/rabikkk/Pictures/images/learning_8_0.png  used o
n input line 805.
(pdftex.def)             Requested size: 373.39409pt x 264.98935pt.
</home/rabikkk/Pictures/images/learning_9_0.png, id=491, 373.395pt x 264.99pt>
File: /home/rabikkk/Pictures/images/learning_9_0.png Graphic file (type png)
<use /home/rabikkk/Pictures/images/learning_9_0.png>
Package pdftex.def Info: /home/rabikkk/Pictures/images/learning_9_0.png  used o
n input line 806.
(pdftex.def)             Requested size: 373.39409pt x 264.98935pt.

Underfull \hbox (badness 10000) in paragraph at lines 830--832

 []

File: Deu.jpg Graphic file (type jpg)
<use Deu.jpg>
Package pdftex.def Info: Deu.jpg  used on input line 833.
(pdftex.def)             Requested size: 292.45189pt x 269.56644pt.
[15 </home/rabikkk/Pictures/images/learning_8_0.png> </home/rabikkk/Pictures/im
ages/learning_9_0.png>]
Underfull \hbox (badness 10000) in paragraph at lines 833--834

 []

File: /home/rabikkk/Pictures/images/rgb0.png Graphic file (type png)
<use /home/rabikkk/Pictures/images/rgb0.png>
Package pdftex.def Info: /home/rabikkk/Pictures/images/rgb0.png  used on input 
line 838.
(pdftex.def)             Requested size: 385.43906pt x 385.43906pt.
File: /home/rabikkk/Pictures/images/rgb1.png Graphic file (type png)
<use /home/rabikkk/Pictures/images/rgb1.png>
Package pdftex.def Info: /home/rabikkk/Pictures/images/rgb1.png  used on input 
line 839.
(pdftex.def)             Requested size: 385.43906pt x 385.43906pt.
File: /home/rabikkk/Pictures/images/rgb2.png Graphic file (type png)
<use /home/rabikkk/Pictures/images/rgb2.png>
Package pdftex.def Info: /home/rabikkk/Pictures/images/rgb2.png  used on input 
line 840.
(pdftex.def)             Requested size: 385.43906pt x 385.43906pt.

Underfull \hbox (badness 10000) in paragraph at lines 858--859

 []


Underfull \hbox (badness 10000) in paragraph at lines 875--876

 []


Underfull \hbox (badness 10000) in paragraph at lines 876--878

 []


Underfull \hbox (badness 10000) in paragraph at lines 879--880

 []

File: Deu.jpg Graphic file (type jpg)
<use Deu.jpg>
Package pdftex.def Info: Deu.jpg  used on input line 880.
(pdftex.def)             Requested size: 292.45189pt x 269.56644pt.
[16]
Underfull \hbox (badness 10000) in paragraph at lines 896--897

 []


Underfull \hbox (badness 10000) in paragraph at lines 898--899

 []

File: Deu.jpg Graphic file (type jpg)
<use Deu.jpg>
Package pdftex.def Info: Deu.jpg  used on input line 903.
(pdftex.def)             Requested size: 292.45189pt x 269.56644pt.
[17]
Chapter 5.
File: Deu.jpg Graphic file (type jpg)
<use Deu.jpg>
Package pdftex.def Info: Deu.jpg  used on input line 904.
(pdftex.def)             Requested size: 292.45189pt x 269.56644pt.
[18

]
Chapter 6.
File: Deu.jpg Graphic file (type jpg)
<use Deu.jpg>
Package pdftex.def Info: Deu.jpg  used on input line 905.
(pdftex.def)             Requested size: 292.45189pt x 269.56644pt.
[19

]
Chapter 7.
(./learn.tex
LaTeX Font Info:    Trying to load font information for T1+cmtt on input line 1
0.
 (/usr/share/texlive/texmf-dist/tex/latex/base/t1cmtt.fd
File: t1cmtt.fd 2019/12/16 v2.5j Standard LaTeX font definitions
)
LaTeX Font Info:    Font shape `U/msa/m/n' will be
(Font)              scaled to size 5.21004pt on input line 11.
LaTeX Font Info:    Font shape `U/msb/m/n' will be
(Font)              scaled to size 5.21004pt on input line 11.
LaTeX Font Info:    Font shape `T1/cmtt/bx/n' in size <10.95> not available
(Font)              Font shape `T1/cmtt/m/n' tried instead on input line 12.
LaTeX Font Info:    Trying to load font information for TS1+cmtt on input line 
79.

(/usr/share/texlive/texmf-dist/tex/latex/base/ts1cmtt.fd
File: ts1cmtt.fd 2019/12/16 v2.5j Standard LaTeX font definitions
)
File: Deu.jpg Graphic file (type jpg)
<use Deu.jpg>
Package pdftex.def Info: Deu.jpg  used on input line 285.
(pdftex.def)             Requested size: 292.45189pt x 269.56644pt.
 [20

]
File: Deu.jpg Graphic file (type jpg)
<use Deu.jpg>
Package pdftex.def Info: Deu.jpg  used on input line 285.
(pdftex.def)             Requested size: 292.45189pt x 269.56644pt.
 [21]
File: Deu.jpg Graphic file (type jpg)
<use Deu.jpg>
Package pdftex.def Info: Deu.jpg  used on input line 285.
(pdftex.def)             Requested size: 292.45189pt x 269.56644pt.
 [22]
File: Deu.jpg Graphic file (type jpg)
<use Deu.jpg>
Package pdftex.def Info: Deu.jpg  used on input line 285.
(pdftex.def)             Requested size: 292.45189pt x 269.56644pt.

[23]
File: Deu.jpg Graphic file (type jpg)
<use Deu.jpg>
Package pdftex.def Info: Deu.jpg  used on input line 285.
(pdftex.def)             Requested size: 292.45189pt x 269.56644pt.
 [24]
File: Deu.jpg Graphic file (type jpg)
<use Deu.jpg>
Package pdftex.def Info: Deu.jpg  used on input line 285.
(pdftex.def)             Requested size: 292.45189pt x 269.56644pt.
 [25]
File: Deu.jpg Graphic file (type jpg)
<use Deu.jpg>
Package pdftex.def Info: Deu.jpg  used on input line 331.
(pdftex.def)             Requested size: 292.45189pt x 269.56644pt.
 [26]
File: Deu.jpg Graphic file (type jpg)
<use Deu.jpg>
Package pdftex.def Info: Deu.jpg  used on input line 411.
(pdftex.def)             Requested size: 292.45189pt x 269.56644pt.
 [27]
File: Deu.jpg Graphic file (type jpg)
<use Deu.jpg>
Package pdftex.def Info: Deu.jpg  used on input line 434.
(pdftex.def)             Requested size: 292.45189pt x 269.56644pt.
 [28]
File: Deu.jpg Graphic file (type jpg)
<use Deu.jpg>
Package pdftex.def Info: Deu.jpg  used on input line 493.
(pdftex.def)             Requested size: 292.45189pt x 269.56644pt.
 [29]
File: Deu.jpg Graphic file (type jpg)
<use Deu.jpg>
Package pdftex.def Info: Deu.jpg  used on input line 553.
(pdftex.def)             Requested size: 292.45189pt x 269.56644pt.
 [30]
File: Deu.jpg Graphic file (type jpg)
<use Deu.jpg>
Package pdftex.def Info: Deu.jpg  used on input line 621.
(pdftex.def)             Requested size: 292.45189pt x 269.56644pt.
 [31]
File: Deu.jpg Graphic file (type jpg)
<use Deu.jpg>
Package pdftex.def Info: Deu.jpg  used on input line 662.
(pdftex.def)             Requested size: 292.45189pt x 269.56644pt.
 [32]
File: Deu.jpg Graphic file (type jpg)
<use Deu.jpg>
Package pdftex.def Info: Deu.jpg  used on input line 720.
(pdftex.def)             Requested size: 292.45189pt x 269.56644pt.
 [33]) (./Ornek_tez_Bahar.bbl
File: Deu.jpg Graphic file (type jpg)
<use Deu.jpg>
Package pdftex.def Info: Deu.jpg  used on input line 1.
(pdftex.def)             Requested size: 292.45189pt x 269.56644pt.

[34]
Underfull \hbox (badness 2662) in paragraph at lines 9--11
\T1/ppl/m/n/10.95 URL [][]$\T1/cmtt/m/n/10.95 https : / / learn . adafruit . co
m / adafruits-[]raspberry-[]pi-[]lesson-[]4-[]gpio-[]setup /
 []


Overfull \hbox (217.6159pt too wide) in paragraph at lines 54--59
\T1/ppl/m/n/10.95 URL [][]$\T1/cmtt/m/n/10.95 https : / / medium . com / @thimb
lot / data-[]augmentation-[]boost-[]your-[]image-[]dataset-[]with-[]few-[]lines
-[]of-[]python-[]155c2dc1baec$[][] 
 []


Underfull \hbox (badness 1087) in paragraph at lines 61--65
[]\T1/ppl/m/n/10.95 Lupp, S.  ``HTPA32x32dR2L5.0/0.85F7.7eHiC Ther-mopile Ar-ra
y With Lens Op-tics
 []

File: Deu.jpg Graphic file (type jpg)
<use Deu.jpg>
Package pdftex.def Info: Deu.jpg  used on input line 66.
(pdftex.def)             Requested size: 292.45189pt x 269.56644pt.
[35

])
File: Deu.jpg Graphic file (type jpg)
<use Deu.jpg>
Package pdftex.def Info: Deu.jpg  used on input line 911.
(pdftex.def)             Requested size: 292.45189pt x 269.56644pt.
 [36]
Package atveryend Info: Empty hook `BeforeClearDocument' on input line 911.
Package atveryend Info: Empty hook `AfterLastShipout' on input line 911.
 (./Ornek_tez_Bahar.aux)
Package atveryend Info: Executing hook `AtVeryEndDocument' on input line 911.
Package atveryend Info: Executing hook `AtEndAfterFileList' on input line 911.
Package rerunfilecheck Info: File `Ornek_tez_Bahar.out' has not changed.
(rerunfilecheck)             Checksum: A405584475652249F23DF21858463D15;2898.
Package atveryend Info: Empty hook `AtVeryVeryEnd' on input line 911.
 ) 
Here is how much of TeX's memory you used:
 25100 strings out of 480616
 476261 string characters out of 5906382
 930199 words of memory out of 6000000
 40223 multiletter control sequences out of 15000+600000
 574560 words of font info for 124 fonts, out of 8000000 for 9000
 1137 hyphenation exceptions out of 8191
 68i,13n,75p,1543b,1536s stack positions out of 5000i,500n,10000p,200000b,80000s
{/usr/share/texlive/texmf-dist/fonts/enc/dvips/cm-super/cm-super-ts1.enc}{/us
r/share/texlive/texmf-dist/fonts/enc/dvips/cm-super/cm-super-t1.enc}{/usr/share
/texlive/texmf-dist/fonts/enc/dvips/base/8r.enc}</usr/share/texlive/texmf-dist/
fonts/type1/public/amsfonts/cm/cmmi10.pfb></usr/share/texlive/texmf-dist/fonts/
type1/public/amsfonts/cm/cmr10.pfb></usr/share/texlive/texmf-dist/fonts/type1/p
ublic/amsfonts/cm/cmsy10.pfb></usr/share/texlive/texmf-dist/fonts/type1/public/
mathpazo/fplmr.pfb></usr/share/texlive/texmf-dist/fonts/type1/public/mathpazo/f
plmri.pfb></usr/share/texlive/texmf-dist/fonts/type1/public/cm-super/sfit1095.p
fb></usr/share/texlive/texmf-dist/fonts/type1/public/cm-super/sftt1095.pfb></us
r/share/texlive/texmf-dist/fonts/type1/urw/palatino/uplb8a.pfb></usr/share/texl
ive/texmf-dist/fonts/type1/urw/palatino/uplr8a.pfb></usr/share/texlive/texmf-di
st/fonts/type1/urw/palatino/uplri8a.pfb>
Output written on Ornek_tez_Bahar.pdf (44 pages, 2074105 bytes).
PDF statistics:
 696 PDF objects out of 1000 (max. 8388607)
 589 compressed objects within 6 object streams
 168 named destinations out of 1000 (max. 500000)
 499 words of extra memory for PDF output out of 10000 (max. 10000000)

