This is pdfTeX, Version 3.14159265-2.6-1.40.20 (TeX Live 2019/Debian) (preloaded format=pdflatex 2020.11.16)  19 NOV 2020 09:11
entering extended mode
 restricted \write18 enabled.
 %&-line parsing enabled.
**DEU_TEZ_Dokuman_Sinifi.tex
(./DEU_TEZ_Dokuman_Sinifi.tex
LaTeX2e <2020-02-02> patch level 2
L3 programming layer <2020-02-14>
(/usr/share/texlive/texmf-dist/tex/latex/base/article.cls
Document Class: article 2019/12/20 v1.4l Standard LaTeX document class
(/usr/share/texlive/texmf-dist/tex/latex/base/size12.clo
File: size12.clo 2019/12/20 v1.4l Standard LaTeX file (size option)
)
\c@part=\count167
\c@section=\count168
\c@subsection=\count169
\c@subsubsection=\count170
\c@paragraph=\count171
\c@subparagraph=\count172
\c@figure=\count173
\c@table=\count174
\abovecaptionskip=\skip47
\belowcaptionskip=\skip48
\bibindent=\dimen134
)
(/usr/share/texlive/texmf-dist/tex/generic/babel/babel.sty
Package: babel 2020/02/14 3.40 The Babel package

(/usr/share/texlive/texmf-dist/tex/generic/babel/switch.def
File: switch.def 2020/02/14 3.40 Babel switching mechanism
)
(/usr/share/texlive/texmf-dist/tex/generic/babel-turkish/turkish.ldf
Language: turkish 2019/07/05 v1.4 Turkish support from the babel system

(/usr/share/texlive/texmf-dist/tex/generic/babel/babel.def
File: babel.def 2020/02/14 3.40 Babel common definitions
\babel@savecnt=\count175
\U@D=\dimen135

(/usr/share/texlive/texmf-dist/tex/generic/babel/txtbabel.def)
\bbl@readstream=\read2
\bbl@dirlevel=\count176
)
Package babel Info: Making : an active character on input line 163.
Package babel Info: Making ! an active character on input line 164.
Package babel Info: Making = an active character on input line 194.
))
(/usr/share/texlive/texmf-dist/tex/latex/base/inputenc.sty
Package: inputenc 2018/08/11 v1.3c Input encoding file
\inpenc@prehook=\toks14
\inpenc@posthook=\toks15
)
(/usr/share/texlive/texmf-dist/tex/latex/l3backend/l3backend-pdfmode.def
File: l3backend-pdfmode.def 2020-02-03 L3 backend support: PDF mode
\l__kernel_color_stack_int=\count177
\l__pdf_internal_box=\box45
)
(./DEU_TEZ_Dokuman_Sinifi.aux)
\openout1 = `DEU_TEZ_Dokuman_Sinifi.aux'.

LaTeX Font Info:    Checking defaults for OML/cmm/m/it on input line 10.
LaTeX Font Info:    ... okay on input line 10.
LaTeX Font Info:    Checking defaults for OMS/cmsy/m/n on input line 10.
LaTeX Font Info:    ... okay on input line 10.
LaTeX Font Info:    Checking defaults for OT1/cmr/m/n on input line 10.
LaTeX Font Info:    ... okay on input line 10.
LaTeX Font Info:    Checking defaults for T1/cmr/m/n on input line 10.
LaTeX Font Info:    ... okay on input line 10.
LaTeX Font Info:    Checking defaults for TS1/cmr/m/n on input line 10.
LaTeX Font Info:    ... okay on input line 10.
LaTeX Font Info:    Checking defaults for OMX/cmex/m/n on input line 10.
LaTeX Font Info:    ... okay on input line 10.
LaTeX Font Info:    Checking defaults for U/cmr/m/n on input line 10.
LaTeX Font Info:    ... okay on input line 10.
LaTeX Font Info:    External font `cmex10' loaded for size
(Font)              <14.4> on input line 12.
LaTeX Font Info:    External font `cmex10' loaded for size
(Font)              <7> on input line 12.

Overfull \hbox (2.54242pt too wide) in paragraph at lines 16--17
[]\OT1/cmr/m/n/10.95 Bu d^^?ok^^?uman Do-kuz Eyl^^?ul []Uni-ver-si-tesi M^^?uhe
n-dis-lik Fak^^?ultesi Elekt-
 []


Overfull \hbox (1.96255pt too wide) in paragraph at lines 16--17
\OT1/cmr/m/n/10.95 i^^Xcin yaz^^Plan \OT1/cmr/m/it/10.95 de-utez.cls \OT1/cmr/m
/n/10.95 d^^?ok^^?uman s^^Pn^^Pf^^Pn^^P a^^Xc^^Pklamak amac^^Pyla yaz^^Plm^^P^^
Xst^^Pr.
 []


Overfull \hbox (8.10487pt too wide) in paragraph at lines 20--21
[]\OT1/cmtt/m/n/10.95 \end{acknowledgements}[]\OT1/cmr/m/n/10.95 ", "[][]\OT1/c
mtt/m/n/10.95 \begin{abstract} \end{abstract}[]\OT1/cmr/m/n/10.95 " ve
 []


Overfull \hbox (0.25813pt too wide) in paragraph at lines 20--21
[][]\OT1/cmtt/m/n/10.95 \tableofcontents[]\OT1/cmr/m/n/10.95 , [][]\OT1/cmtt/m/
n/10.95 \listoffigures []\OT1/cmr/m/n/10.95 ve [][]\OT1/cmtt/m/n/10.95 \listoft
able []\OT1/cmr/m/n/10.95 ko-mut-lar^^P kul-
 []


Overfull \hbox (4.21524pt too wide) in paragraph at lines 24--25
[]\OT1/cmr/m/n/10.95 "acknowledgements", "abst-ract", "^^?ozet" or-tam-lar^^Pn^
^Pn ke-sin-likle kul-
 []

[1

{/var/lib/texmf/fonts/map/pdftex/updmap/pdftex.map}]
Overfull \hbox (23.36578pt too wide) in paragraph at lines 29--29
[]\OT1/cmr/bx/n/17.28 D^^?ok^^?uman S^^Pn^^Pf^^Pn^^Pn Ku-rul-mas^^P ve Kul-lan^
^Plmas^^P 
 []

LaTeX Font Info:    External font `cmex10' loaded for size
(Font)              <12> on input line 37.
LaTeX Font Info:    External font `cmex10' loaded for size
(Font)              <8> on input line 37.
LaTeX Font Info:    External font `cmex10' loaded for size
(Font)              <6> on input line 37.

Overfull \hbox (0.58345pt too wide) in paragraph at lines 65--66
[]\OT1/cmr/m/n/12 Raporun yaz^^Pld^^P^^Ug^^P ta-rih, bi-tirme tezi yaz^^Pl kla-
vu-zunda be-lir-tildi^^Ugi ^^Xsekilde
 []

[2] [3] [4] (./DEU_TEZ_Dokuman_Sinifi.aux) ) 
Here is how much of TeX's memory you used:
 1151 strings out of 481239
 17535 string characters out of 5920376
 260942 words of memory out of 5000000
 16461 multiletter control sequences out of 15000+600000
 539533 words of font info for 48 fonts, out of 8000000 for 9000
 1141 hyphenation exceptions out of 8191
 29i,10n,35p,695b,362s stack positions out of 5000i,500n,10000p,200000b,80000s
{/usr/share/texmf/fonts/enc/dvips/c
m-super/cm-super-ts1.enc}</usr/share/texlive/texmf-dist/fonts/type1/public/amsf
onts/cm/cmbx10.pfb></usr/share/texlive/texmf-dist/fonts/type1/public/amsfonts/c
m/cmbx12.pfb></usr/share/texlive/texmf-dist/fonts/type1/public/amsfonts/cm/cmbx
ti10.pfb></usr/share/texlive/texmf-dist/fonts/type1/public/amsfonts/cm/cmmi12.p
fb></usr/share/texlive/texmf-dist/fonts/type1/public/amsfonts/cm/cmr10.pfb></us
r/share/texlive/texmf-dist/fonts/type1/public/amsfonts/cm/cmr12.pfb></usr/share
/texlive/texmf-dist/fonts/type1/public/amsfonts/cm/cmr17.pfb></usr/share/texliv
e/texmf-dist/fonts/type1/public/amsfonts/cm/cmr8.pfb></usr/share/texlive/texmf-
dist/fonts/type1/public/amsfonts/cm/cmti10.pfb></usr/share/texlive/texmf-dist/f
onts/type1/public/amsfonts/cm/cmti12.pfb></usr/share/texlive/texmf-dist/fonts/t
ype1/public/amsfonts/cm/cmtt10.pfb></usr/share/texlive/texmf-dist/fonts/type1/p
ublic/amsfonts/cm/cmtt12.pfb></usr/share/texmf/fonts/type1/public/cm-super/sfrm
1200.pfb>
Output written on DEU_TEZ_Dokuman_Sinifi.pdf (4 pages, 145210 bytes).
PDF statistics:
 70 PDF objects out of 1000 (max. 8388607)
 50 compressed objects within 1 object stream
 0 named destinations out of 1000 (max. 500000)
 1 words of extra memory for PDF output out of 10000 (max. 10000000)

